<?xml version="1.0" encoding="UTF-8"?>
<robot generator="Robot 4.1.3 (Python 3.9.10 on win32)" generated="20220211 15:53:04.392" rpa="false" schemaversion="2">
<suite id="s1" name="Papiserver" source="C:\Users\lilongyu\Desktop\autotest\papiserver">
<suite id="s1-s1" name="1.Pool相关接口测试" source="C:\Users\lilongyu\Desktop\autotest\papiserver\1.Pool相关接口测试.robot">
<kw name="rgstorsetup" library="rgstor" type="SETUP">
<kw name="Open Connection" library="SSHLibrary">
<arg>${host}</arg>
<arg>alias=conf</arg>
<arg>port=${port}</arg>
<doc>Opens a new SSH connection to the given ``host`` and ``port``.</doc>
<status status="PASS" starttime="20220211 15:53:04.595" endtime="20220211 15:53:04.595"/>
</kw>
<kw name="Login" library="SSHLibrary">
<arg>${user}</arg>
<arg>${passwd}</arg>
<doc>Logs into the SSH server with the given ``username`` and ``password``.</doc>
<msg timestamp="20220211 15:53:04.595" level="INFO">Logging into '172.24.21.7:9622' as 'root'.</msg>
<msg timestamp="20220211 15:53:06.350" level="INFO">Read output: System is booting up. See pam_nologin(8)
Last login: Fri Feb 11 07:56:38 2022 from 172.25.2.244
[root@f1d02e46-768d-4a01-aa6b-60e7deaff71b ~]#</msg>
<status status="PASS" starttime="20220211 15:53:04.595" endtime="20220211 15:53:06.350"/>
</kw>
<kw name="Set Client Configuration" library="SSHLibrary">
<arg>prompt=#</arg>
<doc>Update the `configuration` of the current connection.</doc>
<status status="PASS" starttime="20220211 15:53:06.350" endtime="20220211 15:53:06.350"/>
</kw>
<kw name="Set Client Configuration" library="SSHLibrary">
<arg>timeout=60</arg>
<doc>Update the `configuration` of the current connection.</doc>
<status status="PASS" starttime="20220211 15:53:06.350" endtime="20220211 15:53:06.350"/>
</kw>
<status status="PASS" starttime="20220211 15:53:04.595" endtime="20220211 15:53:06.350"/>
</kw>
<test id="s1-s1-t1" name="XXX创建pool">
<kw name="Log" library="BuiltIn">
<arg>TODO</arg>
<doc>Logs the given message with the given level.</doc>
<msg timestamp="20220211 15:53:06.350" level="INFO">TODO</msg>
<status status="PASS" starttime="20220211 15:53:06.350" endtime="20220211 15:53:06.350"/>
</kw>
<status status="PASS" starttime="20220211 15:53:06.350" endtime="20220211 15:53:06.350"/>
</test>
<test id="s1-s1-t2" name="XXX删除pool">
<kw name="Log" library="BuiltIn">
<arg>TODO</arg>
<doc>Logs the given message with the given level.</doc>
<msg timestamp="20220211 15:53:06.366" level="INFO">TODO</msg>
<status status="PASS" starttime="20220211 15:53:06.366" endtime="20220211 15:53:06.366"/>
</kw>
<status status="PASS" starttime="20220211 15:53:06.350" endtime="20220211 15:53:06.366"/>
</test>
<test id="s1-s1-t3" name="获取单个pool信息">
<kw name="Write" library="SSHLibrary">
<arg>curl -i -H "Content-Type: application/json" -X POST -d '{"jsonrpc":"2.0","method": "AddPool","id":"5fb21aae-251a-11e9-ab14-d663bd873d93","params":{"Name":"pool1","ConstructType":1,"Description":"","NodeNum":'1',"SasHotspareStrategy":"mid","SataHotspareStrategy":"mid","SsdHotspareStrategy":"mid","NodeInfoList":[{"NodeId":${node1myid},"DiskList":[${node1disk1},${node1disk2}]}]}}' http://127.0.0.1:9300/p_api/v1/pools</arg>
<doc>Writes the given ``text`` on the remote machine and appends a newline.</doc>
<msg timestamp="20220211 15:53:06.554" level="INFO">curl -i -H "Content-Type: applica tion/json" -X POST -d '{"jsonrpc":"2.0","method": "AddPool","id":"5fb21aae-251a- 11e9-ab14-d663bd873d93","params":{"Name":"pool1","ConstructType":1,"Description" :"","NodeNum":'1',"SasHotspareStrategy":"mid","SataHotspareStrategy":"mid","SsdH otspareStrategy":"mid","NodeInfoList":[{"NodeId":3,"DiskList":["d01f8b5b-4eed-4b 7f-a4b1-b0ea4b7f241b","fd089f68-3c43-49bf-be3d-6d652d8edbd3"]}]}}' http://127.0. 0.1:9300/p_api/v1/pools</msg>
<status status="PASS" starttime="20220211 15:53:06.366" endtime="20220211 15:53:06.554"/>
</kw>
<kw name="Read Until Prompt" library="SSHLibrary">
<var>${output}</var>
<doc>Consumes and returns the server output until the prompt is found.</doc>
<msg timestamp="20220211 15:53:07.292" level="INFO">HTTP/1.1 200 OK
Server: emei/1.4.6
Date: Thu, 10 Feb 2022 23:58:33 GMT
Connection: keep-alive
content-type: application/json;charset=utf-8
Content-Length: 198

{"jsonrpc": "2.0", "id": "5fb21aae-251a-11e9-ab14-d663bd873d93", "error": {"code": -44139, "message": "disk already in pool or adding in pool: 'poolid(0) sn(d01f8b5b-4eed-4b7f-a4b1-b0ea4b7f241b)'"}}[root@f1d02e46-768d-4a01-aa6b-60e7deaff71b ~]#</msg>
<msg timestamp="20220211 15:53:07.292" level="INFO">${output} = HTTP/1.1 200 OK
Server: emei/1.4.6
Date: Thu, 10 Feb 2022 23:58:33 GMT
Connection: keep-alive
content-type: application/json;charset=utf-8
Content-Length: 198

{"jsonrpc": "2.0", "id": "...</msg>
<status status="PASS" starttime="20220211 15:53:06.554" endtime="20220211 15:53:07.292"/>
</kw>
<kw name="Write" library="SSHLibrary">
<arg>curl -i -X GET http://127.0.0.1:9300/p_api/v1/pools/0</arg>
<doc>Writes the given ``text`` on the remote machine and appends a newline.</doc>
<msg timestamp="20220211 15:53:07.355" level="INFO">curl -i -X GET http://127.0.0.1:9 300/p_api/v1/pools/0</msg>
<status status="PASS" starttime="20220211 15:53:07.292" endtime="20220211 15:53:07.355"/>
</kw>
<kw name="Read Until Prompt" library="SSHLibrary">
<var>${output}</var>
<doc>Consumes and returns the server output until the prompt is found.</doc>
<msg timestamp="20220211 15:53:07.778" level="INFO">HTTP/1.1 200 OK
Server: emei/1.4.6
Date: Thu, 10 Feb 2022 23:58:33 GMT
Connection: keep-alive
content-type: application/json;charset=utf-8
Content-Length: 2191

{"id": "25aac480-343d-4587-8bb3-21300efc841d", "jsonrpc": "2.0", "result": {"PoolId": 0, "Name": "pool0", "State": "IDLE", "Progress": -1, "Health": 0, "AssignType": "normal", "ReassignMode": "smart", "Mode": "SINGLE_NODE", "SwitchInfo": "NONE", "SwitchProgress": -1, "ScrubState": "DONE", "ScrubProgress": -1, "ScrubCycle": 43200, "Description": "Ffby", "NodeCount": 1, "AvailableNodeCount": 1, "DiskCount": 2, "TotalCapacity": 8191, "UsedCapacity": 97, "HotspareCapacity": 0, "UsedHotspareCapacity": 0, "NormalCapacity": 8191, "UsedNormalCapacity": 97, "TierInfoList": [{"Tier": "SATA_HDD", "ExpectHotspareDiskNum": 0, "CurHotspareDiskNum": 0, "TierTotalCapacity": 8191, "TierUsedCapacity": 97, "TierHotspareCapacity": 0, "TierUsedHotspareCapacity": 0, "TierNormalCapacity": 8191, "TierUsedNormalCapacity": 97, "CapWarnStrategy": "mid", "HotspareStrategy": "mid", "DiskCount": 2}, {"Tier": "SAS_HDD", "ExpectHotspareDiskNum": 0, "CurHotspareDiskNum": 0, "TierTotalCapacity": 0, "TierUsedCapacity": 0, "TierHotspareCapacity": 0, "TierUsedHotspareCapacity": 0, "TierNormalCapacity": 0, "TierUsedNormalCapacity": 0, "CapWarnStrategy": "mid", "HotspareStrategy": "mid", "DiskCount": 0}, {"Tier": "NVMe_SSD", "ExpectHotspareDiskNum": 0, "CurHotspareDiskNum": 0, "TierTotalCapacity": 0, "TierUsedCapacity": 0, "TierHotspareCapacity": 0, "TierUsedHotspareCapacity": 0, "TierNormalCapacity": 0, "TierUsedNormalCapacity": 0, "CapWarnStrategy": "mid", "HotspareStrategy": "mid", "DiskCount": 0}], "NodeInfoList": [{"NodeId": 3, "DiskList": [{"SerialNumber": "d01f8b5b-4eed-4b7f-a4b1-b0ea4b7f241b", "DiskType": "SAS_SSD", "Capacity": 4096, "AvailableCapacity": 4095, "UsedCapacity": 48, "HotspareCapacity": 0, "UsedHotspareCapacity": 0, "NormalCapacity": 4095, "UsedNormalCapacity": 48, "RotationalSpeed": 0, "DiskStatus": "HEALTH", "DiskFreedProgress": -1}, {"SerialNumber": "fd089f68-3c43-49bf-be3d-6d652d8edbd3", "DiskType": "SAS_SSD", "Capacity": 4096, "AvailableCapacity": 4095, "UsedCapacity": 48, "HotspareCapacity": 0, "UsedHotspareCapacity": 0, "NormalCapacity": 4095, "UsedNormalCapacity": 48, "RotationalSpeed": 0, "DiskStatus": "HEALTH", "DiskFreedProgress": -1}]}], "TotalVdiskNum": 77}}[root@f1d02e46-768d-4a01-aa6b-60e7deaff71b ~]#</msg>
<msg timestamp="20220211 15:53:07.778" level="INFO">${output} = HTTP/1.1 200 OK
Server: emei/1.4.6
Date: Thu, 10 Feb 2022 23:58:33 GMT
Connection: keep-alive
content-type: application/json;charset=utf-8
Content-Length: 2191

{"id": "25aac480-343d-458...</msg>
<status status="PASS" starttime="20220211 15:53:07.355" endtime="20220211 15:53:07.778"/>
</kw>
<kw name="Should Contain" library="BuiltIn">
<arg>${output}</arg>
<arg>result</arg>
<doc>Fails if ``container`` does not contain ``item`` one or more times.</doc>
<status status="PASS" starttime="20220211 15:53:07.778" endtime="20220211 15:53:07.778"/>
</kw>
<status status="PASS" starttime="20220211 15:53:06.366" endtime="20220211 15:53:07.778"/>
</test>
<test id="s1-s1-t4" name="XXXpool中添加磁盘">
<kw name="Log" library="BuiltIn">
<arg>TODO</arg>
<doc>Logs the given message with the given level.</doc>
<msg timestamp="20220211 15:53:07.778" level="INFO">TODO</msg>
<status status="PASS" starttime="20220211 15:53:07.778" endtime="20220211 15:53:07.778"/>
</kw>
<status status="PASS" starttime="20220211 15:53:07.778" endtime="20220211 15:53:07.778"/>
</test>
<test id="s1-s1-t5" name="XXXpool中删除磁盘">
<kw name="Log" library="BuiltIn">
<arg>TODO</arg>
<doc>Logs the given message with the given level.</doc>
<msg timestamp="20220211 15:53:07.778" level="INFO">TODO</msg>
<status status="PASS" starttime="20220211 15:53:07.778" endtime="20220211 15:53:07.778"/>
</kw>
<status status="PASS" starttime="20220211 15:53:07.778" endtime="20220211 15:53:07.778"/>
</test>
<test id="s1-s1-t6" name="修改pool">
<kw name="Generate Random String" library="String">
<var>${pool_name}</var>
<arg>4</arg>
<doc>Generates a string with a desired ``length`` from the given ``chars``.</doc>
<msg timestamp="20220211 15:53:07.778" level="INFO">${pool_name} = xQGA</msg>
<status status="PASS" starttime="20220211 15:53:07.778" endtime="20220211 15:53:07.778"/>
</kw>
<kw name="Write" library="SSHLibrary">
<arg>curl -i -H "Content-Type: application/json" -X PUT -d '{ "id": "5fb21aae-251a-11e9-ab14-d663bd873d93", "jsonrpc": "2.0", "method": "SetPool", "params": { "Description": "${pool_name}", "CapWarn": [ { "Tier": "SATA_HDD", "CapWarnStrategy": "mid" } ], "HotspareInfo": [ { "Tier": "SATA_HDD", "HotspareDiskNum": 0 } ] } }' http://127.0.0.1:9300/p_api/v1/pools/0</arg>
<doc>Writes the given ``text`` on the remote machine and appends a newline.</doc>
<msg timestamp="20220211 15:53:07.965" level="INFO">curl -i -H "Content-Type: applica tion/json" -X PUT -d '{ "id": "5fb21aae-251a-11e9-ab14-d663bd873d93", "jsonrpc":  "2.0", "method": "SetPool", "params": { "Description": "xQGA", "CapWarn": [ { " Tier": "SATA_HDD", "CapWarnStrategy": "mid" } ], "HotspareInfo": [ { "Tier": "SA TA_HDD", "HotspareDiskNum": 0 } ] } }' http://127.0.0.1:9300/p_api/v1/pools/0</msg>
<status status="PASS" starttime="20220211 15:53:07.778" endtime="20220211 15:53:07.965"/>
</kw>
<kw name="Read Until Prompt" library="SSHLibrary">
<var>${output}</var>
<doc>Consumes and returns the server output until the prompt is found.</doc>
<msg timestamp="20220211 15:53:08.419" level="INFO">HTTP/1.1 200 OK
Server: emei/1.4.6
Date: Thu, 10 Feb 2022 23:58:34 GMT
Connection: keep-alive
content-type: application/json;charset=utf-8
Content-Length: 89

{"id": "5fb21aae-251a-11e9-ab14-d663bd873d93", "jsonrpc": "2.0", "result": {"PoolId": 0}}[root@f1d02e46-768d-4a01-aa6b-60e7deaff71b ~]#</msg>
<msg timestamp="20220211 15:53:08.419" level="INFO">${output} = HTTP/1.1 200 OK
Server: emei/1.4.6
Date: Thu, 10 Feb 2022 23:58:34 GMT
Connection: keep-alive
content-type: application/json;charset=utf-8
Content-Length: 89

{"id": "5fb21aae-251a-11e9-...</msg>
<status status="PASS" starttime="20220211 15:53:07.965" endtime="20220211 15:53:08.419"/>
</kw>
<kw name="Should Contain" library="BuiltIn">
<arg>${output}</arg>
<arg>result</arg>
<doc>Fails if ``container`` does not contain ``item`` one or more times.</doc>
<status status="PASS" starttime="20220211 15:53:08.419" endtime="20220211 15:53:08.419"/>
</kw>
<kw name="Write" library="SSHLibrary">
<arg>curl -i -X GET http://127.0.0.1:9300/p_api/v1/pools/0</arg>
<doc>Writes the given ``text`` on the remote machine and appends a newline.</doc>
<msg timestamp="20220211 15:53:08.544" level="INFO">curl -i -X GET http://127.0.0.1:9 300/p_api/v1/pools/0</msg>
<status status="PASS" starttime="20220211 15:53:08.419" endtime="20220211 15:53:08.544"/>
</kw>
<kw name="Read Until Prompt" library="SSHLibrary">
<var>${output}</var>
<doc>Consumes and returns the server output until the prompt is found.</doc>
<msg timestamp="20220211 15:53:09.030" level="INFO">HTTP/1.1 200 OK
Server: emei/1.4.6
Date: Thu, 10 Feb 2022 23:58:34 GMT
Connection: keep-alive
content-type: application/json;charset=utf-8
Content-Length: 2191

{"id": "862ef526-020a-4cba-a1b9-d3eed060731e", "jsonrpc": "2.0", "result": {"PoolId": 0, "Name": "pool0", "State": "IDLE", "Progress": -1, "Health": 0, "AssignType": "normal", "ReassignMode": "smart", "Mode": "SINGLE_NODE", "SwitchInfo": "NONE", "SwitchProgress": -1, "ScrubState": "DONE", "ScrubProgress": -1, "ScrubCycle": 43200, "Description": "xQGA", "NodeCount": 1, "AvailableNodeCount": 1, "DiskCount": 2, "TotalCapacity": 8191, "UsedCapacity": 97, "HotspareCapacity": 0, "UsedHotspareCapacity": 0, "NormalCapacity": 8191, "UsedNormalCapacity": 97, "TierInfoList": [{"Tier": "SATA_HDD", "ExpectHotspareDiskNum": 0, "CurHotspareDiskNum": 0, "TierTotalCapacity": 8191, "TierUsedCapacity": 97, "TierHotspareCapacity": 0, "TierUsedHotspareCapacity": 0, "TierNormalCapacity": 8191, "TierUsedNormalCapacity": 97, "CapWarnStrategy": "mid", "HotspareStrategy": "mid", "DiskCount": 2}, {"Tier": "SAS_HDD", "ExpectHotspareDiskNum": 0, "CurHotspareDiskNum": 0, "TierTotalCapacity": 0, "TierUsedCapacity": 0, "TierHotspareCapacity": 0, "TierUsedHotspareCapacity": 0, "TierNormalCapacity": 0, "TierUsedNormalCapacity": 0, "CapWarnStrategy": "mid", "HotspareStrategy": "mid", "DiskCount": 0}, {"Tier": "NVMe_SSD", "ExpectHotspareDiskNum": 0, "CurHotspareDiskNum": 0, "TierTotalCapacity": 0, "TierUsedCapacity": 0, "TierHotspareCapacity": 0, "TierUsedHotspareCapacity": 0, "TierNormalCapacity": 0, "TierUsedNormalCapacity": 0, "CapWarnStrategy": "mid", "HotspareStrategy": "mid", "DiskCount": 0}], "NodeInfoList": [{"NodeId": 3, "DiskList": [{"SerialNumber": "d01f8b5b-4eed-4b7f-a4b1-b0ea4b7f241b", "DiskType": "SAS_SSD", "Capacity": 4096, "AvailableCapacity": 4095, "UsedCapacity": 48, "HotspareCapacity": 0, "UsedHotspareCapacity": 0, "NormalCapacity": 4095, "UsedNormalCapacity": 48, "RotationalSpeed": 0, "DiskStatus": "HEALTH", "DiskFreedProgress": -1}, {"SerialNumber": "fd089f68-3c43-49bf-be3d-6d652d8edbd3", "DiskType": "SAS_SSD", "Capacity": 4096, "AvailableCapacity": 4095, "UsedCapacity": 48, "HotspareCapacity": 0, "UsedHotspareCapacity": 0, "NormalCapacity": 4095, "UsedNormalCapacity": 48, "RotationalSpeed": 0, "DiskStatus": "HEALTH", "DiskFreedProgress": -1}]}], "TotalVdiskNum": 77}}[root@f1d02e46-768d-4a01-aa6b-60e7deaff71b ~]#</msg>
<msg timestamp="20220211 15:53:09.030" level="INFO">${output} = HTTP/1.1 200 OK
Server: emei/1.4.6
Date: Thu, 10 Feb 2022 23:58:34 GMT
Connection: keep-alive
content-type: application/json;charset=utf-8
Content-Length: 2191

{"id": "862ef526-020a-4cb...</msg>
<status status="PASS" starttime="20220211 15:53:08.544" endtime="20220211 15:53:09.030"/>
</kw>
<kw name="Should Contain" library="BuiltIn">
<arg>${output}</arg>
<arg>${pool_name}</arg>
<doc>Fails if ``container`` does not contain ``item`` one or more times.</doc>
<status status="PASS" starttime="20220211 15:53:09.030" endtime="20220211 15:53:09.030"/>
</kw>
<status status="PASS" starttime="20220211 15:53:07.778" endtime="20220211 15:53:09.030"/>
</test>
<test id="s1-s1-t7" name="查询Pool重构进度">
<kw name="Write" library="SSHLibrary">
<arg>curl -i -X GET http://127.0.0.1:9300/p_api/v1/pools/0/poolreconstructschedule</arg>
<doc>Writes the given ``text`` on the remote machine and appends a newline.</doc>
<msg timestamp="20220211 15:53:09.170" level="INFO">curl -i -X GET http://127.0.0.1:9 300/p_api/v1/pools/0/poolreconstructschedule</msg>
<status status="PASS" starttime="20220211 15:53:09.030" endtime="20220211 15:53:09.170"/>
</kw>
<kw name="Read Until Prompt" library="SSHLibrary">
<var>${output}</var>
<doc>Consumes and returns the server output until the prompt is found.</doc>
<msg timestamp="20220211 15:53:09.608" level="INFO">HTTP/1.1 200 OK
Server: emei/1.4.6
Date: Thu, 10 Feb 2022 23:58:35 GMT
Connection: keep-alive
content-type: application/json;charset=utf-8
Content-Length: 109

{"id": "2294ed85-0c77-4d40-bb92-964059faeb37", "jsonrpc": "2.0", "result": {"PoolReconstructSchedule": "-1"}}[root@f1d02e46-768d-4a01-aa6b-60e7deaff71b ~]#</msg>
<msg timestamp="20220211 15:53:09.608" level="INFO">${output} = HTTP/1.1 200 OK
Server: emei/1.4.6
Date: Thu, 10 Feb 2022 23:58:35 GMT
Connection: keep-alive
content-type: application/json;charset=utf-8
Content-Length: 109

{"id": "2294ed85-0c77-4d40...</msg>
<status status="PASS" starttime="20220211 15:53:09.170" endtime="20220211 15:53:09.608"/>
</kw>
<kw name="Should Contain" library="BuiltIn">
<arg>${output}</arg>
<arg>result</arg>
<doc>Fails if ``container`` does not contain ``item`` one or more times.</doc>
<status status="PASS" starttime="20220211 15:53:09.608" endtime="20220211 15:53:09.608"/>
</kw>
<status status="PASS" starttime="20220211 15:53:09.030" endtime="20220211 15:53:09.608"/>
</test>
<test id="s1-s1-t8" name="获取强制删除存储池的授权">
<kw name="Log" library="BuiltIn">
<arg>获取强制删除存储池授权码</arg>
<doc>Logs the given message with the given level.</doc>
<msg timestamp="20220211 15:53:09.608" level="INFO">获取强制删除存储池授权码</msg>
<status status="PASS" starttime="20220211 15:53:09.608" endtime="20220211 15:53:09.608"/>
</kw>
<kw name="Write" library="SSHLibrary">
<arg>curl -i -H "Content-Type: application/json" -X GET -d '{"jsonrpc": "2.0","method": "GetForceDelPoolAuthCode","id": "5fb21aae-251a-11e9-ab14-d663bd873d93"}' http://127.0.0.1:9300/p_api/v1/pools/0</arg>
<doc>Writes the given ``text`` on the remote machine and appends a newline.</doc>
<msg timestamp="20220211 15:53:09.734" level="INFO">curl -i -H "Content-Type: applica tion/json" -X GET -d '{"jsonrpc": "2.0","method": "GetForceDelPoolAuthCode","id" : "5fb21aae-251a-11e9-ab14-d663bd873d93"}' http://127.0.0.1:9300/p_api/v1/pools/ 0</msg>
<status status="PASS" starttime="20220211 15:53:09.608" endtime="20220211 15:53:09.734"/>
</kw>
<kw name="Read Until Prompt" library="SSHLibrary">
<var>${output}</var>
<doc>Consumes and returns the server output until the prompt is found.</doc>
<msg timestamp="20220211 15:53:09.749" level="INFO">HTTP/1.1 200 OK
Server: emei/1.4.6
Date: Thu, 10 Feb 2022 23:58:35 GMT
Connection: keep-alive
content-type: application/json;charset=utf-8
Content-Length: 166

{"id": "4bc99155-2c78-4d32-bb2b-3076fd146234", "jsonrpc": "2.0", "result": {"PoolId": 0, "TimeStamp": 1644537525, "AuthCode": "452b3b3a-07f0-46f4-b54a-a10ab49786e8"}}[root@f1d02e46-768d-4a01-aa6b-60e7deaff71b ~]#</msg>
<msg timestamp="20220211 15:53:09.749" level="INFO">${output} = HTTP/1.1 200 OK
Server: emei/1.4.6
Date: Thu, 10 Feb 2022 23:58:35 GMT
Connection: keep-alive
content-type: application/json;charset=utf-8
Content-Length: 166

{"id": "4bc99155-2c78-4d32...</msg>
<status status="PASS" starttime="20220211 15:53:09.734" endtime="20220211 15:53:09.749"/>
</kw>
<kw name="Should Contain" library="BuiltIn">
<arg>${output}</arg>
<arg>AuthCode</arg>
<doc>Fails if ``container`` does not contain ``item`` one or more times.</doc>
<status status="PASS" starttime="20220211 15:53:09.749" endtime="20220211 15:53:09.749"/>
</kw>
<status status="PASS" starttime="20220211 15:53:09.608" endtime="20220211 15:53:09.749"/>
</test>
<kw name="rgstorteardown" library="rgstor" type="TEARDOWN">
<kw name="Close All Connections" library="SSHLibrary">
<doc>Closes all open connections.</doc>
<status status="PASS" starttime="20220211 15:53:09.749" endtime="20220211 15:53:09.749"/>
</kw>
<status status="PASS" starttime="20220211 15:53:09.749" endtime="20220211 15:53:09.749"/>
</kw>
<status status="PASS" starttime="20220211 15:53:04.423" endtime="20220211 15:53:09.749"/>
</suite>
<suite id="s1-s2" name="2.Vdisk相关接口测试" source="C:\Users\lilongyu\Desktop\autotest\papiserver\2.Vdisk相关接口测试.robot">
<kw name="rgstorsetup" library="rgstor" type="SETUP">
<kw name="Open Connection" library="SSHLibrary">
<arg>${host}</arg>
<arg>alias=conf</arg>
<arg>port=${port}</arg>
<doc>Opens a new SSH connection to the given ``host`` and ``port``.</doc>
<status status="PASS" starttime="20220211 15:53:09.749" endtime="20220211 15:53:09.749"/>
</kw>
<kw name="Login" library="SSHLibrary">
<arg>${user}</arg>
<arg>${passwd}</arg>
<doc>Logs into the SSH server with the given ``username`` and ``password``.</doc>
<msg timestamp="20220211 15:53:09.749" level="INFO">Logging into '172.24.21.7:9622' as 'root'.</msg>
<msg timestamp="20220211 15:53:11.473" level="INFO">Read output: System is booting up. See pam_nologin(8)
Last login: Fri Feb 11 07:58:31 2022 from 172.25.2.244
[root@f1d02e46-768d-4a01-aa6b-60e7deaff71b ~]#</msg>
<status status="PASS" starttime="20220211 15:53:09.749" endtime="20220211 15:53:11.473"/>
</kw>
<kw name="Set Client Configuration" library="SSHLibrary">
<arg>prompt=#</arg>
<doc>Update the `configuration` of the current connection.</doc>
<status status="PASS" starttime="20220211 15:53:11.473" endtime="20220211 15:53:11.473"/>
</kw>
<kw name="Set Client Configuration" library="SSHLibrary">
<arg>timeout=60</arg>
<doc>Update the `configuration` of the current connection.</doc>
<status status="PASS" starttime="20220211 15:53:11.473" endtime="20220211 15:53:11.473"/>
</kw>
<status status="PASS" starttime="20220211 15:53:09.749" endtime="20220211 15:53:11.473"/>
</kw>
<test id="s1-s2-t1" name="创建vdisk">
<kw name="Log" library="BuiltIn">
<arg>创建vdisk</arg>
<doc>Logs the given message with the given level.</doc>
<msg timestamp="20220211 15:53:11.473" level="INFO">创建vdisk</msg>
<status status="PASS" starttime="20220211 15:53:11.473" endtime="20220211 15:53:11.473"/>
</kw>
<kw name="Generate Random String" library="String">
<var>${vdisk_name}</var>
<arg>4</arg>
<doc>Generates a string with a desired ``length`` from the given ``chars``.</doc>
<msg timestamp="20220211 15:53:11.473" level="INFO">${vdisk_name} = ekjk</msg>
<status status="PASS" starttime="20220211 15:53:11.473" endtime="20220211 15:53:11.473"/>
</kw>
<kw name="Write" library="SSHLibrary">
<arg>curl -i -H "Content-Type: application/json" -X POST -d '{ "id": "5fb21aae-251a-11e9-ab14-d663bd873d93", "jsonrpc": "2.0", "method": "AddVdisk", "params": { "PoolId": 0, "Name": "${vdisk_name}", "TierInfoList": [ { "Tier": "SATA_HDD", "Capacity": 1000, "EcType": "RAID1_1D0B" } ] } }' http://127.0.0.1:9300/p_api/v1/vdisks</arg>
<doc>Writes the given ``text`` on the remote machine and appends a newline.</doc>
<msg timestamp="20220211 15:53:11.646" level="INFO">curl -i -H "Content-Type: applica tion/json" -X POST -d '{ "id": "5fb21aae-251a-11e9-ab14-d663bd873d93", "jsonrpc" : "2.0", "method": "AddVdisk", "params": { "PoolId": 0, "Name": "ekjk", "TierInf oList": [ { "Tier": "SATA_HDD", "Capacity": 1000, "EcType": "RAID1_1D0B" } ] } } ' http://127.0.0.1:9300/p_api/v1/vdisks</msg>
<status status="PASS" starttime="20220211 15:53:11.473" endtime="20220211 15:53:11.646"/>
</kw>
<kw name="Log" library="BuiltIn">
<arg>创建Vdisk成功</arg>
<doc>Logs the given message with the given level.</doc>
<msg timestamp="20220211 15:53:11.646" level="INFO">创建Vdisk成功</msg>
<status status="PASS" starttime="20220211 15:53:11.646" endtime="20220211 15:53:11.646"/>
</kw>
<kw name="add_vdisk_parse_vdiskid" library="rgstor">
<var>${vdisk}</var>
<kw name="Read Until" library="SSHLibrary">
<var>${output}</var>
<arg>"jsonrpc": "2.0", "</arg>
<doc>Consumes and returns the server output until ``expected`` is encountered.</doc>
<msg timestamp="20220211 15:53:13.432" level="INFO">HTTP/1.1 200 OK
Server: emei/1.4.6
Date: Thu, 10 Feb 2022 23:58:39 GMT
Connection: keep-alive
content-type: application/json;charset=utf-8
Content-Length: 104

{"id": "5ce6b1e2-8acd-11ec-8e0d-0242ac1ffd17", "jsonrpc": "2.0", "</msg>
<msg timestamp="20220211 15:53:13.432" level="INFO">${output} = HTTP/1.1 200 OK
Server: emei/1.4.6
Date: Thu, 10 Feb 2022 23:58:39 GMT
Connection: keep-alive
content-type: application/json;charset=utf-8
Content-Length: 104

{"id": "5ce6b1e2-8acd-11ec...</msg>
<status status="PASS" starttime="20220211 15:53:11.646" endtime="20220211 15:53:13.432"/>
</kw>
<kw name="Read Until" library="SSHLibrary">
<var>${output}</var>
<arg>}[</arg>
<doc>Consumes and returns the server output until ``expected`` is encountered.</doc>
<msg timestamp="20220211 15:53:13.463" level="INFO">result": {"PoolId": 0, "VdiskId": 77}}[</msg>
<msg timestamp="20220211 15:53:13.463" level="INFO">${output} = result": {"PoolId": 0, "VdiskId": 77}}[</msg>
<status status="PASS" starttime="20220211 15:53:13.432" endtime="20220211 15:53:13.463"/>
</kw>
<kw name="Should Contain" library="BuiltIn">
<arg>${output}</arg>
<arg>result</arg>
<doc>Fails if ``container`` does not contain ``item`` one or more times.</doc>
<status status="PASS" starttime="20220211 15:53:13.463" endtime="20220211 15:53:13.463"/>
</kw>
<kw name="Get Substring" library="String">
<var>${output}</var>
<arg>${output}</arg>
<arg>9</arg>
<arg>-2</arg>
<doc>Returns a substring from ``start`` index to ``end`` index.</doc>
<msg timestamp="20220211 15:53:13.463" level="INFO">${output} = {"PoolId": 0, "VdiskId": 77}</msg>
<status status="PASS" starttime="20220211 15:53:13.463" endtime="20220211 15:53:13.463"/>
</kw>
<kw name="Read Until Prompt" library="SSHLibrary">
<doc>Consumes and returns the server output until the prompt is found.</doc>
<msg timestamp="20220211 15:53:13.463" level="INFO">root@f1d02e46-768d-4a01-aa6b-60e7deaff71b ~]#</msg>
<status status="PASS" starttime="20220211 15:53:13.463" endtime="20220211 15:53:13.463"/>
</kw>
<kw name="To Json" library="RequestsLibrary">
<var>${ret_result}</var>
<arg>${output}</arg>
<doc>*DEPRECATED* Please use ${resp.json()} instead. Have a look at the improved HTML output as pretty printing replacement.</doc>
<msg timestamp="20220211 15:53:13.463" level="WARN">Keyword 'RequestsLibrary.To Json' is deprecated. Please use ${resp.json()} instead. Have a look at the improved HTML output as pretty printing replacement.</msg>
<msg timestamp="20220211 15:53:13.463" level="INFO">To JSON using : content={"PoolId": 0, "VdiskId": 77} </msg>
<msg timestamp="20220211 15:53:13.463" level="INFO">To JSON using : pretty_print=False </msg>
<msg timestamp="20220211 15:53:13.463" level="INFO">${ret_result} = {'PoolId': 0, 'VdiskId': 77}</msg>
<status status="PASS" starttime="20220211 15:53:13.463" endtime="20220211 15:53:13.463"/>
</kw>
<kw name="Get From Dictionary" library="Collections">
<var>${id}</var>
<arg>${ret_result}</arg>
<arg>VdiskId</arg>
<doc>Returns a value from the given ``dictionary`` based on the given ``key``.</doc>
<msg timestamp="20220211 15:53:13.463" level="INFO">${id} = 77</msg>
<status status="PASS" starttime="20220211 15:53:13.463" endtime="20220211 15:53:13.463"/>
</kw>
<msg timestamp="20220211 15:53:13.463" level="INFO">${vdisk} = 77</msg>
<status status="PASS" starttime="20220211 15:53:11.646" endtime="20220211 15:53:13.463"/>
</kw>
<kw name="Log" library="BuiltIn">
<arg>******创建的vdiskid为 ${vdisk}----根据vdiskid查询信息********</arg>
<doc>Logs the given message with the given level.</doc>
<msg timestamp="20220211 15:53:13.463" level="INFO">******创建的vdiskid为 77----根据vdiskid查询信息********</msg>
<status status="PASS" starttime="20220211 15:53:13.463" endtime="20220211 15:53:13.463"/>
</kw>
<kw name="Write" library="SSHLibrary">
<arg>curl -i -X GET \ http://127.0.0.1:9300/p_api/v1/vdisks/${vdisk}?poolid=0</arg>
<doc>Writes the given ``text`` on the remote machine and appends a newline.</doc>
<msg timestamp="20220211 15:53:13.588" level="INFO">curl -i -X GET  http://127.0.0.1: 9300/p_api/v1/vdisks/77?poolid=0</msg>
<status status="PASS" starttime="20220211 15:53:13.463" endtime="20220211 15:53:13.588"/>
</kw>
<kw name="Read Until Prompt" library="SSHLibrary">
<var>${output}</var>
<doc>Consumes and returns the server output until the prompt is found.</doc>
<msg timestamp="20220211 15:53:14.027" level="INFO">HTTP/1.1 200 OK
Server: emei/1.4.6
Date: Thu, 10 Feb 2022 23:58:39 GMT
Connection: keep-alive
content-type: application/json;charset=utf-8
Content-Length: 334

{"id": "dcb567cc-64cf-4747-8c65-e3cd8cc48a9e", "jsonrpc": "2.0", "result": {"PoolId": 0, "VdiskId": 77, "Name": "ekjk", "Description": "", "HealthStatus": 3, "CfgType": "THIN", "TotalCapacity": 1000, "RunningNodeId": 0, "TierInfoList": [{"Tier": "SATA_HDD", "TierTotalCapacity": 1000, "TierUsedCapacity": 0, "EcType": "RAID1_1D0B"}]}}[root@f1d02e46-768d-4a01-aa6b-60e7deaff71b ~]#</msg>
<msg timestamp="20220211 15:53:14.027" level="INFO">${output} = HTTP/1.1 200 OK
Server: emei/1.4.6
Date: Thu, 10 Feb 2022 23:58:39 GMT
Connection: keep-alive
content-type: application/json;charset=utf-8
Content-Length: 334

{"id": "dcb567cc-64cf-4747...</msg>
<status status="PASS" starttime="20220211 15:53:13.588" endtime="20220211 15:53:14.027"/>
</kw>
<kw name="Should Contain" library="BuiltIn">
<arg>${output}</arg>
<arg>${vdisk_name}</arg>
<doc>Fails if ``container`` does not contain ``item`` one or more times.</doc>
<status status="PASS" starttime="20220211 15:53:14.027" endtime="20220211 15:53:14.027"/>
</kw>
<kw name="Log" library="BuiltIn">
<arg>******创建的vdiskname为 ${vdisk_name}----根据vdiskid查询信息********</arg>
<doc>Logs the given message with the given level.</doc>
<msg timestamp="20220211 15:53:14.027" level="INFO">******创建的vdiskname为 ekjk----根据vdiskid查询信息********</msg>
<status status="PASS" starttime="20220211 15:53:14.027" endtime="20220211 15:53:14.027"/>
</kw>
<kw name="Write" library="SSHLibrary">
<arg>curl -i -H "Content-Type: application/json" -X GET -d '{ "id": "5fb21aae-251a-11e9-ab14-d663bd873d93", "jsonrpc": "2.0", "method": "GetVdiskByName", "params": { \ "PoolId": 0,"Name": "${vdisk_name}" }}' http://127.0.0.1:9300/p_api/v1/vdisks</arg>
<doc>Writes the given ``text`` on the remote machine and appends a newline.</doc>
<msg timestamp="20220211 15:53:14.168" level="INFO">curl -i -H "Content-Type: applica tion/json" -X GET -d '{ "id": "5fb21aae-251a-11e9-ab14-d663bd873d93", "jsonrpc":  "2.0", "method": "GetVdiskByName", "params": {  "PoolId": 0,"Name": "ekjk" }}'  http://127.0.0.1:9300/p_api/v1/vdisks</msg>
<status status="PASS" starttime="20220211 15:53:14.027" endtime="20220211 15:53:14.168"/>
</kw>
<kw name="Read Until Prompt" library="SSHLibrary">
<var>${output}</var>
<doc>Consumes and returns the server output until the prompt is found.</doc>
<msg timestamp="20220211 15:53:14.872" level="INFO">HTTP/1.1 200 OK
Server: emei/1.4.6
Date: Thu, 10 Feb 2022 23:58:40 GMT
Connection: keep-alive
content-type: application/json;charset=utf-8
Content-Length: 334

{"id": "d169029e-3fda-4c0a-af9f-edb4cd7a3061", "jsonrpc": "2.0", "result": {"PoolId": 0, "VdiskId": 77, "Name": "ekjk", "Description": "", "HealthStatus": 3, "CfgType": "THIN", "TotalCapacity": 1000, "RunningNodeId": 0, "TierInfoList": [{"Tier": "SATA_HDD", "TierTotalCapacity": 1000, "TierUsedCapacity": 0, "EcType": "RAID1_1D0B"}]}}[root@f1d02e46-768d-4a01-aa6b-60e7deaff71b ~]#</msg>
<msg timestamp="20220211 15:53:14.872" level="INFO">${output} = HTTP/1.1 200 OK
Server: emei/1.4.6
Date: Thu, 10 Feb 2022 23:58:40 GMT
Connection: keep-alive
content-type: application/json;charset=utf-8
Content-Length: 334

{"id": "d169029e-3fda-4c0a...</msg>
<status status="PASS" starttime="20220211 15:53:14.168" endtime="20220211 15:53:14.872"/>
</kw>
<kw name="Should Contain" library="BuiltIn">
<arg>${output}</arg>
<arg>result</arg>
<doc>Fails if ``container`` does not contain ``item`` one or more times.</doc>
<status status="PASS" starttime="20220211 15:53:14.872" endtime="20220211 15:53:14.872"/>
</kw>
<kw name="Should Contain" library="BuiltIn">
<arg>${output}</arg>
<arg>${vdisk_name}</arg>
<doc>Fails if ``container`` does not contain ``item`` one or more times.</doc>
<status status="PASS" starttime="20220211 15:53:14.872" endtime="20220211 15:53:14.872"/>
</kw>
<kw name="Log" library="BuiltIn">
<arg>删除vdisk(by id)</arg>
<doc>Logs the given message with the given level.</doc>
<msg timestamp="20220211 15:53:14.872" level="INFO">删除vdisk(by id)</msg>
<status status="PASS" starttime="20220211 15:53:14.872" endtime="20220211 15:53:14.872"/>
</kw>
<kw name="Write" library="SSHLibrary">
<arg>curl -i -X DELETE \ http://127.0.0.1:9300/p_api/v1/vdisks/${vdisk}?poolid=0</arg>
<doc>Writes the given ``text`` on the remote machine and appends a newline.</doc>
<msg timestamp="20220211 15:53:15.028" level="INFO">curl -i -X DELETE  http://127.0.0 .1:9300/p_api/v1/vdisks/77?poolid=0</msg>
<status status="PASS" starttime="20220211 15:53:14.872" endtime="20220211 15:53:15.028"/>
</kw>
<kw name="Read Until Prompt" library="SSHLibrary">
<var>${output}</var>
<doc>Consumes and returns the server output until the prompt is found.</doc>
<msg timestamp="20220211 15:53:17.850" level="INFO">HTTP/1.1 200 OK
Server: emei/1.4.6
Date: Thu, 10 Feb 2022 23:58:43 GMT
Connection: keep-alive
content-type: application/json;charset=utf-8
Content-Length: 104

{"id": "c8c746fe-ddf8-4bef-9699-ffdd8db63fb9", "jsonrpc": "2.0", "result": {"PoolId": 0, "VdiskId": 77}}[root@f1d02e46-768d-4a01-aa6b-60e7deaff71b ~]#</msg>
<msg timestamp="20220211 15:53:17.850" level="INFO">${output} = HTTP/1.1 200 OK
Server: emei/1.4.6
Date: Thu, 10 Feb 2022 23:58:43 GMT
Connection: keep-alive
content-type: application/json;charset=utf-8
Content-Length: 104

{"id": "c8c746fe-ddf8-4bef...</msg>
<status status="PASS" starttime="20220211 15:53:15.028" endtime="20220211 15:53:17.850"/>
</kw>
<kw name="Should Contain" library="BuiltIn">
<arg>${output}</arg>
<arg>result</arg>
<doc>Fails if ``container`` does not contain ``item`` one or more times.</doc>
<status status="PASS" starttime="20220211 15:53:17.850" endtime="20220211 15:53:17.850"/>
</kw>
<kw name="Write" library="SSHLibrary">
<arg>curl -i -X GET http://127.0.0.1:9300/p_api/v1/vdisks/${vdisk}?poolid=0</arg>
<doc>Writes the given ``text`` on the remote machine and appends a newline.</doc>
<msg timestamp="20220211 15:53:17.928" level="INFO">curl -i -X GET http://127.0.0.1:9 300/p_api/v1/vdisks/77?poolid=0</msg>
<status status="PASS" starttime="20220211 15:53:17.850" endtime="20220211 15:53:17.928"/>
</kw>
<kw name="Read Until Prompt" library="SSHLibrary">
<var>${output}</var>
<doc>Consumes and returns the server output until the prompt is found.</doc>
<msg timestamp="20220211 15:53:18.100" level="INFO">HTTP/1.1 200 OK
Server: emei/1.4.6
Date: Thu, 10 Feb 2022 23:58:43 GMT
Connection: keep-alive
content-type: application/json;charset=utf-8
Content-Length: 134

{"jsonrpc": "2.0", "id": "0f0801ca-cba4-4d5f-a805-2dec531cfa36", "error": {"code": -44208, "message": "pool(0)/vdisk(77) not exists"}}[root@f1d02e46-768d-4a01-aa6b-60e7deaff71b ~]#</msg>
<msg timestamp="20220211 15:53:18.100" level="INFO">${output} = HTTP/1.1 200 OK
Server: emei/1.4.6
Date: Thu, 10 Feb 2022 23:58:43 GMT
Connection: keep-alive
content-type: application/json;charset=utf-8
Content-Length: 134

{"jsonrpc": "2.0", "id": "...</msg>
<status status="PASS" starttime="20220211 15:53:17.928" endtime="20220211 15:53:18.100"/>
</kw>
<kw name="Should Contain" library="BuiltIn">
<arg>${output}</arg>
<arg>error</arg>
<doc>Fails if ``container`` does not contain ``item`` one or more times.</doc>
<status status="PASS" starttime="20220211 15:53:18.100" endtime="20220211 15:53:18.100"/>
</kw>
<status status="PASS" starttime="20220211 15:53:11.473" endtime="20220211 15:53:18.100"/>
</test>
<test id="s1-s2-t2" name="删除vdisk">
<kw name="Log" library="BuiltIn">
<arg>创建vdisk用例已覆盖</arg>
<doc>Logs the given message with the given level.</doc>
<msg timestamp="20220211 15:53:18.100" level="INFO">创建vdisk用例已覆盖</msg>
<status status="PASS" starttime="20220211 15:53:18.100" endtime="20220211 15:53:18.100"/>
</kw>
<status status="PASS" starttime="20220211 15:53:18.100" endtime="20220211 15:53:18.100"/>
</test>
<test id="s1-s2-t3" name="根据id获取vdisk信息">
<kw name="Log" library="BuiltIn">
<arg>创建vdisk用例已覆盖</arg>
<doc>Logs the given message with the given level.</doc>
<msg timestamp="20220211 15:53:18.100" level="INFO">创建vdisk用例已覆盖</msg>
<status status="PASS" starttime="20220211 15:53:18.100" endtime="20220211 15:53:18.100"/>
</kw>
<status status="PASS" starttime="20220211 15:53:18.100" endtime="20220211 15:53:18.100"/>
</test>
<test id="s1-s2-t4" name="根据name获取vdisk信息">
<kw name="Log" library="BuiltIn">
<arg>创建vdisk用例已覆盖</arg>
<doc>Logs the given message with the given level.</doc>
<msg timestamp="20220211 15:53:18.100" level="INFO">创建vdisk用例已覆盖</msg>
<status status="PASS" starttime="20220211 15:53:18.100" endtime="20220211 15:53:18.100"/>
</kw>
<status status="PASS" starttime="20220211 15:53:18.100" endtime="20220211 15:53:18.115"/>
</test>
<test id="s1-s2-t5" name="获取所有vdisk信息">
<kw name="Log" library="BuiltIn">
<arg>创建2个vdisk</arg>
<doc>Logs the given message with the given level.</doc>
<msg timestamp="20220211 15:53:18.115" level="INFO">创建2个vdisk</msg>
<status status="PASS" starttime="20220211 15:53:18.115" endtime="20220211 15:53:18.115"/>
</kw>
<kw name="Generate Random String" library="String">
<var>${vdisk_name}</var>
<arg>4</arg>
<doc>Generates a string with a desired ``length`` from the given ``chars``.</doc>
<msg timestamp="20220211 15:53:18.115" level="INFO">${vdisk_name} = 20Qo</msg>
<status status="PASS" starttime="20220211 15:53:18.115" endtime="20220211 15:53:18.115"/>
</kw>
<kw name="Write" library="SSHLibrary">
<arg>curl -i -H "Content-Type: application/json" -X POST -d '{ "id": "5fb21aae-251a-11e9-ab14-d663bd873d93", "jsonrpc": "2.0", "method": "AddVdisk", "params": { "PoolId": 0, "Name": "${vdisk_name}", "TierInfoList": [ { "Tier": "SATA_HDD", "Capacity": 1000, "EcType": "RAID1_1D0B" } ] } }' http://127.0.0.1:9300/p_api/v1/vdisks</arg>
<doc>Writes the given ``text`` on the remote machine and appends a newline.</doc>
<msg timestamp="20220211 15:53:18.242" level="INFO">curl -i -H "Content-Type: applica tion/json" -X POST -d '{ "id": "5fb21aae-251a-11e9-ab14-d663bd873d93", "jsonrpc" : "2.0", "method": "AddVdisk", "params": { "PoolId": 0, "Name": "20Qo", "TierInf oList": [ { "Tier": "SATA_HDD", "Capacity": 1000, "EcType": "RAID1_1D0B" } ] } } ' http://127.0.0.1:9300/p_api/v1/vdisks</msg>
<status status="PASS" starttime="20220211 15:53:18.115" endtime="20220211 15:53:18.242"/>
</kw>
<kw name="Log" library="BuiltIn">
<arg>创建Vdisk成功</arg>
<doc>Logs the given message with the given level.</doc>
<msg timestamp="20220211 15:53:18.242" level="INFO">创建Vdisk成功</msg>
<status status="PASS" starttime="20220211 15:53:18.242" endtime="20220211 15:53:18.242"/>
</kw>
<kw name="add_vdisk_parse_vdiskid" library="rgstor">
<var>${vdisk1}</var>
<kw name="Read Until" library="SSHLibrary">
<var>${output}</var>
<arg>"jsonrpc": "2.0", "</arg>
<doc>Consumes and returns the server output until ``expected`` is encountered.</doc>
<msg timestamp="20220211 15:53:20.167" level="INFO">HTTP/1.1 200 OK
Server: emei/1.4.6
Date: Thu, 10 Feb 2022 23:58:45 GMT
Connection: keep-alive
content-type: application/json;charset=utf-8
Content-Length: 104

{"id": "60dd263c-8acd-11ec-a7ef-0242ac1ffd17", "jsonrpc": "2.0", "</msg>
<msg timestamp="20220211 15:53:20.167" level="INFO">${output} = HTTP/1.1 200 OK
Server: emei/1.4.6
Date: Thu, 10 Feb 2022 23:58:45 GMT
Connection: keep-alive
content-type: application/json;charset=utf-8
Content-Length: 104

{"id": "60dd263c-8acd-11ec...</msg>
<status status="PASS" starttime="20220211 15:53:18.242" endtime="20220211 15:53:20.167"/>
</kw>
<kw name="Read Until" library="SSHLibrary">
<var>${output}</var>
<arg>}[</arg>
<doc>Consumes and returns the server output until ``expected`` is encountered.</doc>
<msg timestamp="20220211 15:53:20.182" level="INFO">result": {"PoolId": 0, "VdiskId": 77}}[</msg>
<msg timestamp="20220211 15:53:20.182" level="INFO">${output} = result": {"PoolId": 0, "VdiskId": 77}}[</msg>
<status status="PASS" starttime="20220211 15:53:20.167" endtime="20220211 15:53:20.182"/>
</kw>
<kw name="Should Contain" library="BuiltIn">
<arg>${output}</arg>
<arg>result</arg>
<doc>Fails if ``container`` does not contain ``item`` one or more times.</doc>
<status status="PASS" starttime="20220211 15:53:20.182" endtime="20220211 15:53:20.182"/>
</kw>
<kw name="Get Substring" library="String">
<var>${output}</var>
<arg>${output}</arg>
<arg>9</arg>
<arg>-2</arg>
<doc>Returns a substring from ``start`` index to ``end`` index.</doc>
<msg timestamp="20220211 15:53:20.182" level="INFO">${output} = {"PoolId": 0, "VdiskId": 77}</msg>
<status status="PASS" starttime="20220211 15:53:20.182" endtime="20220211 15:53:20.182"/>
</kw>
<kw name="Read Until Prompt" library="SSHLibrary">
<doc>Consumes and returns the server output until the prompt is found.</doc>
<msg timestamp="20220211 15:53:20.182" level="INFO">root@f1d02e46-768d-4a01-aa6b-60e7deaff71b ~]#</msg>
<status status="PASS" starttime="20220211 15:53:20.182" endtime="20220211 15:53:20.182"/>
</kw>
<kw name="To Json" library="RequestsLibrary">
<var>${ret_result}</var>
<arg>${output}</arg>
<doc>*DEPRECATED* Please use ${resp.json()} instead. Have a look at the improved HTML output as pretty printing replacement.</doc>
<msg timestamp="20220211 15:53:20.182" level="WARN">Keyword 'RequestsLibrary.To Json' is deprecated. Please use ${resp.json()} instead. Have a look at the improved HTML output as pretty printing replacement.</msg>
<msg timestamp="20220211 15:53:20.182" level="INFO">To JSON using : content={"PoolId": 0, "VdiskId": 77} </msg>
<msg timestamp="20220211 15:53:20.182" level="INFO">To JSON using : pretty_print=False </msg>
<msg timestamp="20220211 15:53:20.182" level="INFO">${ret_result} = {'PoolId': 0, 'VdiskId': 77}</msg>
<status status="PASS" starttime="20220211 15:53:20.182" endtime="20220211 15:53:20.182"/>
</kw>
<kw name="Get From Dictionary" library="Collections">
<var>${id}</var>
<arg>${ret_result}</arg>
<arg>VdiskId</arg>
<doc>Returns a value from the given ``dictionary`` based on the given ``key``.</doc>
<msg timestamp="20220211 15:53:20.182" level="INFO">${id} = 77</msg>
<status status="PASS" starttime="20220211 15:53:20.182" endtime="20220211 15:53:20.182"/>
</kw>
<msg timestamp="20220211 15:53:20.182" level="INFO">${vdisk1} = 77</msg>
<status status="PASS" starttime="20220211 15:53:18.242" endtime="20220211 15:53:20.182"/>
</kw>
<kw name="Generate Random String" library="String">
<var>${vdisk_name2}</var>
<arg>4</arg>
<doc>Generates a string with a desired ``length`` from the given ``chars``.</doc>
<msg timestamp="20220211 15:53:20.182" level="INFO">${vdisk_name2} = VHSh</msg>
<status status="PASS" starttime="20220211 15:53:20.182" endtime="20220211 15:53:20.182"/>
</kw>
<kw name="Write" library="SSHLibrary">
<arg>curl -i -H "Content-Type: application/json" -X POST -d '{ "id": "5fb21aae-251a-11e9-ab14-d663bd873d93", "jsonrpc": "2.0", "method": "AddVdisk", "params": { "PoolId": 0, "Name": "${vdisk_name2}", "TierInfoList": [ { "Tier": "SATA_HDD", "Capacity": 1000, "EcType": "RAID1_1D0B" } ] } }' http://127.0.0.1:9300/p_api/v1/vdisks</arg>
<doc>Writes the given ``text`` on the remote machine and appends a newline.</doc>
<msg timestamp="20220211 15:53:20.262" level="INFO">curl -i -H "Content-Type: applica tion/json" -X POST -d '{ "id": "5fb21aae-251a-11e9-ab14-d663bd873d93", "jsonrpc" : "2.0", "method": "AddVdisk", "params": { "PoolId": 0, "Name": "VHSh", "TierInf oList": [ { "Tier": "SATA_HDD", "Capacity": 1000, "EcType": "RAID1_1D0B" } ] } } ' http://127.0.0.1:9300/p_api/v1/vdisks</msg>
<status status="PASS" starttime="20220211 15:53:20.182" endtime="20220211 15:53:20.262"/>
</kw>
<kw name="Log" library="BuiltIn">
<arg>创建Vdisk成功</arg>
<doc>Logs the given message with the given level.</doc>
<msg timestamp="20220211 15:53:20.262" level="INFO">创建Vdisk成功</msg>
<status status="PASS" starttime="20220211 15:53:20.262" endtime="20220211 15:53:20.262"/>
</kw>
<kw name="add_vdisk_parse_vdiskid" library="rgstor">
<var>${vdisk2}</var>
<kw name="Read Until" library="SSHLibrary">
<var>${output}</var>
<arg>"jsonrpc": "2.0", "</arg>
<doc>Consumes and returns the server output until ``expected`` is encountered.</doc>
<msg timestamp="20220211 15:53:21.986" level="INFO">HTTP/1.1 200 OK
Server: emei/1.4.6
Date: Thu, 10 Feb 2022 23:58:47 GMT
Connection: keep-alive
content-type: application/json;charset=utf-8
Content-Length: 104

{"id": "6218ea2c-8acd-11ec-abf4-0242ac1ffd17", "jsonrpc": "2.0", "</msg>
<msg timestamp="20220211 15:53:21.986" level="INFO">${output} = HTTP/1.1 200 OK
Server: emei/1.4.6
Date: Thu, 10 Feb 2022 23:58:47 GMT
Connection: keep-alive
content-type: application/json;charset=utf-8
Content-Length: 104

{"id": "6218ea2c-8acd-11ec...</msg>
<status status="PASS" starttime="20220211 15:53:20.262" endtime="20220211 15:53:21.986"/>
</kw>
<kw name="Read Until" library="SSHLibrary">
<var>${output}</var>
<arg>}[</arg>
<doc>Consumes and returns the server output until ``expected`` is encountered.</doc>
<msg timestamp="20220211 15:53:22.032" level="INFO">result": {"PoolId": 0, "VdiskId": 78}}[</msg>
<msg timestamp="20220211 15:53:22.032" level="INFO">${output} = result": {"PoolId": 0, "VdiskId": 78}}[</msg>
<status status="PASS" starttime="20220211 15:53:21.986" endtime="20220211 15:53:22.032"/>
</kw>
<kw name="Should Contain" library="BuiltIn">
<arg>${output}</arg>
<arg>result</arg>
<doc>Fails if ``container`` does not contain ``item`` one or more times.</doc>
<status status="PASS" starttime="20220211 15:53:22.032" endtime="20220211 15:53:22.032"/>
</kw>
<kw name="Get Substring" library="String">
<var>${output}</var>
<arg>${output}</arg>
<arg>9</arg>
<arg>-2</arg>
<doc>Returns a substring from ``start`` index to ``end`` index.</doc>
<msg timestamp="20220211 15:53:22.032" level="INFO">${output} = {"PoolId": 0, "VdiskId": 78}</msg>
<status status="PASS" starttime="20220211 15:53:22.032" endtime="20220211 15:53:22.032"/>
</kw>
<kw name="Read Until Prompt" library="SSHLibrary">
<doc>Consumes and returns the server output until the prompt is found.</doc>
<msg timestamp="20220211 15:53:22.032" level="INFO">root@f1d02e46-768d-4a01-aa6b-60e7deaff71b ~]#</msg>
<status status="PASS" starttime="20220211 15:53:22.032" endtime="20220211 15:53:22.032"/>
</kw>
<kw name="To Json" library="RequestsLibrary">
<var>${ret_result}</var>
<arg>${output}</arg>
<doc>*DEPRECATED* Please use ${resp.json()} instead. Have a look at the improved HTML output as pretty printing replacement.</doc>
<msg timestamp="20220211 15:53:22.032" level="WARN">Keyword 'RequestsLibrary.To Json' is deprecated. Please use ${resp.json()} instead. Have a look at the improved HTML output as pretty printing replacement.</msg>
<msg timestamp="20220211 15:53:22.032" level="INFO">To JSON using : content={"PoolId": 0, "VdiskId": 78} </msg>
<msg timestamp="20220211 15:53:22.032" level="INFO">To JSON using : pretty_print=False </msg>
<msg timestamp="20220211 15:53:22.032" level="INFO">${ret_result} = {'PoolId': 0, 'VdiskId': 78}</msg>
<status status="PASS" starttime="20220211 15:53:22.032" endtime="20220211 15:53:22.032"/>
</kw>
<kw name="Get From Dictionary" library="Collections">
<var>${id}</var>
<arg>${ret_result}</arg>
<arg>VdiskId</arg>
<doc>Returns a value from the given ``dictionary`` based on the given ``key``.</doc>
<msg timestamp="20220211 15:53:22.032" level="INFO">${id} = 78</msg>
<status status="PASS" starttime="20220211 15:53:22.032" endtime="20220211 15:53:22.032"/>
</kw>
<msg timestamp="20220211 15:53:22.032" level="INFO">${vdisk2} = 78</msg>
<status status="PASS" starttime="20220211 15:53:20.262" endtime="20220211 15:53:22.032"/>
</kw>
<kw name="Comment" library="BuiltIn">
<arg>命令中需要增加\，否则RF会失败</arg>
<doc>Displays the given messages in the log file as keyword arguments.</doc>
<status status="PASS" starttime="20220211 15:53:22.032" endtime="20220211 15:53:22.032"/>
</kw>
<kw name="Write" library="SSHLibrary">
<arg>curl -i -X GET http://127.0.0.1:9300/p_api/v1/pools/0/vdisks?offset=${vdisk1}\\&amp;count=2</arg>
<doc>Writes the given ``text`` on the remote machine and appends a newline.</doc>
<msg timestamp="20220211 15:53:22.158" level="INFO">curl -i -X GET http://127.0.0.1:9 300/p_api/v1/pools/0/vdisks?offset=77\&amp;count=2</msg>
<status status="PASS" starttime="20220211 15:53:22.032" endtime="20220211 15:53:22.158"/>
</kw>
<kw name="Read Until Prompt" library="SSHLibrary">
<var>${output}</var>
<doc>Consumes and returns the server output until the prompt is found.</doc>
<msg timestamp="20220211 15:53:23.160" level="INFO">HTTP/1.1 200 OK
Server: emei/1.4.6
Date: Thu, 10 Feb 2022 23:58:48 GMT
Connection: keep-alive
content-type: application/json;charset=utf-8
Content-Length: 638

{"id": "94c3ff14-539f-432d-916c-3d159e13f586", "jsonrpc": "2.0", "result": [{"PoolId": 0, "VdiskId": 77, "Name": "20Qo", "Description": "", "HealthStatus": 3, "CfgType": "THIN", "TotalCapacity": 1000, "RunningNodeId": 0, "TierInfoList": [{"Tier": "SATA_HDD", "TierTotalCapacity": 1000, "TierUsedCapacity": 0, "EcType": "RAID1_1D0B"}], "TotalVdiskNum": 79}, {"PoolId": 0, "VdiskId": 78, "Name": "VHSh", "Description": "", "HealthStatus": 3, "CfgType": "THIN", "TotalCapacity": 1000, "RunningNodeId": 0, "TierInfoList": [{"Tier": "SATA_HDD", "TierTotalCapacity": 1000, "TierUsedCapacity": 0, "EcType": "RAID1_1D0B"}], "TotalVdiskNum": 79}]}[root@f1d02e46-768d-4a01-aa6b-60e7deaff71b ~]#</msg>
<msg timestamp="20220211 15:53:23.160" level="INFO">${output} = HTTP/1.1 200 OK
Server: emei/1.4.6
Date: Thu, 10 Feb 2022 23:58:48 GMT
Connection: keep-alive
content-type: application/json;charset=utf-8
Content-Length: 638

{"id": "94c3ff14-539f-432d...</msg>
<status status="PASS" starttime="20220211 15:53:22.158" endtime="20220211 15:53:23.160"/>
</kw>
<kw name="Should Contain" library="BuiltIn">
<arg>${output}</arg>
<arg>result</arg>
<doc>Fails if ``container`` does not contain ``item`` one or more times.</doc>
<status status="PASS" starttime="20220211 15:53:23.160" endtime="20220211 15:53:23.160"/>
</kw>
<kw name="Should Contain" library="BuiltIn">
<arg>${output}</arg>
<arg>${vdisk_name}</arg>
<doc>Fails if ``container`` does not contain ``item`` one or more times.</doc>
<status status="PASS" starttime="20220211 15:53:23.160" endtime="20220211 15:53:23.160"/>
</kw>
<kw name="Should Contain" library="BuiltIn">
<arg>${output}</arg>
<arg>${vdisk_name2}</arg>
<doc>Fails if ``container`` does not contain ``item`` one or more times.</doc>
<status status="PASS" starttime="20220211 15:53:23.160" endtime="20220211 15:53:23.160"/>
</kw>
<kw name="Log" library="BuiltIn">
<arg>删除vdisk1、2</arg>
<doc>Logs the given message with the given level.</doc>
<msg timestamp="20220211 15:53:23.160" level="INFO">删除vdisk1、2</msg>
<status status="PASS" starttime="20220211 15:53:23.160" endtime="20220211 15:53:23.160"/>
</kw>
<kw name="Write" library="SSHLibrary">
<arg>curl -i -X DELETE \ http://127.0.0.1:9300/p_api/v1/vdisks/${vdisk1}?poolid=0</arg>
<doc>Writes the given ``text`` on the remote machine and appends a newline.</doc>
<msg timestamp="20220211 15:53:23.223" level="INFO">curl -i -X DELETE  http://127.0.0 .1:9300/p_api/v1/vdisks/77?poolid=0</msg>
<status status="PASS" starttime="20220211 15:53:23.160" endtime="20220211 15:53:23.223"/>
</kw>
<kw name="Read Until Prompt" library="SSHLibrary">
<var>${output}</var>
<doc>Consumes and returns the server output until the prompt is found.</doc>
<msg timestamp="20220211 15:53:25.572" level="INFO">HTTP/1.1 200 OK
Server: emei/1.4.6
Date: Thu, 10 Feb 2022 23:58:51 GMT
Connection: keep-alive
content-type: application/json;charset=utf-8
Content-Length: 104

{"id": "091b9c77-f66c-4513-81f8-d255e2246c89", "jsonrpc": "2.0", "result": {"PoolId": 0, "VdiskId": 77}}[root@f1d02e46-768d-4a01-aa6b-60e7deaff71b ~]#</msg>
<msg timestamp="20220211 15:53:25.572" level="INFO">${output} = HTTP/1.1 200 OK
Server: emei/1.4.6
Date: Thu, 10 Feb 2022 23:58:51 GMT
Connection: keep-alive
content-type: application/json;charset=utf-8
Content-Length: 104

{"id": "091b9c77-f66c-4513...</msg>
<status status="PASS" starttime="20220211 15:53:23.223" endtime="20220211 15:53:25.572"/>
</kw>
<kw name="Should Contain" library="BuiltIn">
<arg>${output}</arg>
<arg>result</arg>
<doc>Fails if ``container`` does not contain ``item`` one or more times.</doc>
<status status="PASS" starttime="20220211 15:53:25.572" endtime="20220211 15:53:25.572"/>
</kw>
<kw name="Write" library="SSHLibrary">
<arg>curl -i -X DELETE \ http://127.0.0.1:9300/p_api/v1/vdisks/${vdisk2}?poolid=0</arg>
<doc>Writes the given ``text`` on the remote machine and appends a newline.</doc>
<msg timestamp="20220211 15:53:25.698" level="INFO">curl -i -X DELETE  http://127.0.0 .1:9300/p_api/v1/vdisks/78?poolid=0</msg>
<status status="PASS" starttime="20220211 15:53:25.572" endtime="20220211 15:53:25.698"/>
</kw>
<kw name="Read Until Prompt" library="SSHLibrary">
<var>${output}</var>
<doc>Consumes and returns the server output until the prompt is found.</doc>
<msg timestamp="20220211 15:53:28.563" level="INFO">HTTP/1.1 200 OK
Server: emei/1.4.6
Date: Thu, 10 Feb 2022 23:58:54 GMT
Connection: keep-alive
content-type: application/json;charset=utf-8
Content-Length: 104

{"id": "9fb2590e-534b-429b-91d5-899ba85fae6e", "jsonrpc": "2.0", "result": {"PoolId": 0, "VdiskId": 78}}[root@f1d02e46-768d-4a01-aa6b-60e7deaff71b ~]#</msg>
<msg timestamp="20220211 15:53:28.563" level="INFO">${output} = HTTP/1.1 200 OK
Server: emei/1.4.6
Date: Thu, 10 Feb 2022 23:58:54 GMT
Connection: keep-alive
content-type: application/json;charset=utf-8
Content-Length: 104

{"id": "9fb2590e-534b-429b...</msg>
<status status="PASS" starttime="20220211 15:53:25.698" endtime="20220211 15:53:28.563"/>
</kw>
<kw name="Should Contain" library="BuiltIn">
<arg>${output}</arg>
<arg>result</arg>
<doc>Fails if ``container`` does not contain ``item`` one or more times.</doc>
<status status="PASS" starttime="20220211 15:53:28.563" endtime="20220211 15:53:28.563"/>
</kw>
<kw name="Write" library="SSHLibrary">
<arg>curl -i -X GET http://127.0.0.1:9300/p_api/v1/vdisks/${vdisk1}?poolid=0</arg>
<doc>Writes the given ``text`` on the remote machine and appends a newline.</doc>
<msg timestamp="20220211 15:53:28.673" level="INFO">curl -i -X GET http://127.0.0.1:9 300/p_api/v1/vdisks/77?poolid=0</msg>
<status status="PASS" starttime="20220211 15:53:28.563" endtime="20220211 15:53:28.673"/>
</kw>
<kw name="Read Until Prompt" library="SSHLibrary">
<var>${output}</var>
<doc>Consumes and returns the server output until the prompt is found.</doc>
<msg timestamp="20220211 15:53:28.704" level="INFO">HTTP/1.1 200 OK
Server: emei/1.4.6
Date: Thu, 10 Feb 2022 23:58:54 GMT
Connection: keep-alive
content-type: application/json;charset=utf-8
Content-Length: 134

{"jsonrpc": "2.0", "id": "06e917dd-0240-4ec0-bffe-09b86055b1e0", "error": {"code": -44208, "message": "pool(0)/vdisk(77) not exists"}}[root@f1d02e46-768d-4a01-aa6b-60e7deaff71b ~]#</msg>
<msg timestamp="20220211 15:53:28.704" level="INFO">${output} = HTTP/1.1 200 OK
Server: emei/1.4.6
Date: Thu, 10 Feb 2022 23:58:54 GMT
Connection: keep-alive
content-type: application/json;charset=utf-8
Content-Length: 134

{"jsonrpc": "2.0", "id": "...</msg>
<status status="PASS" starttime="20220211 15:53:28.673" endtime="20220211 15:53:28.704"/>
</kw>
<kw name="Should Contain" library="BuiltIn">
<arg>${output}</arg>
<arg>error</arg>
<doc>Fails if ``container`` does not contain ``item`` one or more times.</doc>
<status status="PASS" starttime="20220211 15:53:28.704" endtime="20220211 15:53:28.704"/>
</kw>
<kw name="Write" library="SSHLibrary">
<arg>curl -i -X GET http://127.0.0.1:9300/p_api/v1/vdisks/${vdisk2}?poolid=0</arg>
<doc>Writes the given ``text`` on the remote machine and appends a newline.</doc>
<msg timestamp="20220211 15:53:28.830" level="INFO">curl -i -X GET http://127.0.0.1:9 300/p_api/v1/vdisks/78?poolid=0</msg>
<status status="PASS" starttime="20220211 15:53:28.704" endtime="20220211 15:53:28.830"/>
</kw>
<kw name="Read Until Prompt" library="SSHLibrary">
<var>${output}</var>
<doc>Consumes and returns the server output until the prompt is found.</doc>
<msg timestamp="20220211 15:53:28.892" level="INFO">HTTP/1.1 200 OK
Server: emei/1.4.6
Date: Thu, 10 Feb 2022 23:58:54 GMT
Connection: keep-alive
content-type: application/json;charset=utf-8
Content-Length: 134

{"jsonrpc": "2.0", "id": "a6edd0dd-6942-4648-864d-da89bcc75821", "error": {"code": -44208, "message": "pool(0)/vdisk(78) not exists"}}[root@f1d02e46-768d-4a01-aa6b-60e7deaff71b ~]#</msg>
<msg timestamp="20220211 15:53:28.892" level="INFO">${output} = HTTP/1.1 200 OK
Server: emei/1.4.6
Date: Thu, 10 Feb 2022 23:58:54 GMT
Connection: keep-alive
content-type: application/json;charset=utf-8
Content-Length: 134

{"jsonrpc": "2.0", "id": "...</msg>
<status status="PASS" starttime="20220211 15:53:28.830" endtime="20220211 15:53:28.892"/>
</kw>
<kw name="Should Contain" library="BuiltIn">
<arg>${output}</arg>
<arg>error</arg>
<doc>Fails if ``container`` does not contain ``item`` one or more times.</doc>
<status status="PASS" starttime="20220211 15:53:28.892" endtime="20220211 15:53:28.923"/>
</kw>
<status status="PASS" starttime="20220211 15:53:18.115" endtime="20220211 15:53:28.923"/>
</test>
<test id="s1-s2-t6" name="修改vdisk">
<kw name="Log" library="BuiltIn">
<arg>创建vdisk</arg>
<doc>Logs the given message with the given level.</doc>
<msg timestamp="20220211 15:53:28.923" level="INFO">创建vdisk</msg>
<status status="PASS" starttime="20220211 15:53:28.923" endtime="20220211 15:53:28.923"/>
</kw>
<kw name="Generate Random String" library="String">
<var>${vdisk_name}</var>
<arg>4</arg>
<doc>Generates a string with a desired ``length`` from the given ``chars``.</doc>
<msg timestamp="20220211 15:53:28.923" level="INFO">${vdisk_name} = BlC6</msg>
<status status="PASS" starttime="20220211 15:53:28.923" endtime="20220211 15:53:28.923"/>
</kw>
<kw name="Write" library="SSHLibrary">
<arg>curl -i -H "Content-Type: application/json" -X POST -d '{ "id": "5fb21aae-251a-11e9-ab14-d663bd873d93", "jsonrpc": "2.0", "method": "AddVdisk", "params": { "PoolId": 0, "Name": "${vdisk_name}", "TierInfoList": [ { "Tier": "SATA_HDD", "Capacity": 1000, "EcType": "RAID1_1D0B" } ] } }' http://127.0.0.1:9300/p_api/v1/vdisks</arg>
<doc>Writes the given ``text`` on the remote machine and appends a newline.</doc>
<msg timestamp="20220211 15:53:29.111" level="INFO">curl -i -H "Content-Type: applica tion/json" -X POST -d '{ "id": "5fb21aae-251a-11e9-ab14-d663bd873d93", "jsonrpc" : "2.0", "method": "AddVdisk", "params": { "PoolId": 0, "Name": "BlC6", "TierInf oList": [ { "Tier": "SATA_HDD", "Capacity": 1000, "EcType": "RAID1_1D0B" } ] } } ' http://127.0.0.1:9300/p_api/v1/vdisks</msg>
<status status="PASS" starttime="20220211 15:53:28.923" endtime="20220211 15:53:29.111"/>
</kw>
<kw name="Log" library="BuiltIn">
<arg>创建Vdisk成功</arg>
<doc>Logs the given message with the given level.</doc>
<msg timestamp="20220211 15:53:29.111" level="INFO">创建Vdisk成功</msg>
<status status="PASS" starttime="20220211 15:53:29.111" endtime="20220211 15:53:29.111"/>
</kw>
<kw name="add_vdisk_parse_vdiskid" library="rgstor">
<var>${vdisk}</var>
<kw name="Read Until" library="SSHLibrary">
<var>${output}</var>
<arg>"jsonrpc": "2.0", "</arg>
<doc>Consumes and returns the server output until ``expected`` is encountered.</doc>
<msg timestamp="20220211 15:53:30.820" level="INFO">HTTP/1.1 200 OK
Server: emei/1.4.6
Date: Thu, 10 Feb 2022 23:58:56 GMT
Connection: keep-alive
content-type: application/json;charset=utf-8
Content-Length: 104

{"id": "674f2bf0-8acd-11ec-b7d1-0242ac1ffd17", "jsonrpc": "2.0", "</msg>
<msg timestamp="20220211 15:53:30.820" level="INFO">${output} = HTTP/1.1 200 OK
Server: emei/1.4.6
Date: Thu, 10 Feb 2022 23:58:56 GMT
Connection: keep-alive
content-type: application/json;charset=utf-8
Content-Length: 104

{"id": "674f2bf0-8acd-11ec...</msg>
<status status="PASS" starttime="20220211 15:53:29.111" endtime="20220211 15:53:30.820"/>
</kw>
<kw name="Read Until" library="SSHLibrary">
<var>${output}</var>
<arg>}[</arg>
<doc>Consumes and returns the server output until ``expected`` is encountered.</doc>
<msg timestamp="20220211 15:53:30.851" level="INFO">result": {"PoolId": 0, "VdiskId": 77}}[</msg>
<msg timestamp="20220211 15:53:30.851" level="INFO">${output} = result": {"PoolId": 0, "VdiskId": 77}}[</msg>
<status status="PASS" starttime="20220211 15:53:30.820" endtime="20220211 15:53:30.851"/>
</kw>
<kw name="Should Contain" library="BuiltIn">
<arg>${output}</arg>
<arg>result</arg>
<doc>Fails if ``container`` does not contain ``item`` one or more times.</doc>
<status status="PASS" starttime="20220211 15:53:30.851" endtime="20220211 15:53:30.851"/>
</kw>
<kw name="Get Substring" library="String">
<var>${output}</var>
<arg>${output}</arg>
<arg>9</arg>
<arg>-2</arg>
<doc>Returns a substring from ``start`` index to ``end`` index.</doc>
<msg timestamp="20220211 15:53:30.851" level="INFO">${output} = {"PoolId": 0, "VdiskId": 77}</msg>
<status status="PASS" starttime="20220211 15:53:30.851" endtime="20220211 15:53:30.851"/>
</kw>
<kw name="Read Until Prompt" library="SSHLibrary">
<doc>Consumes and returns the server output until the prompt is found.</doc>
<msg timestamp="20220211 15:53:30.851" level="INFO">root@f1d02e46-768d-4a01-aa6b-60e7deaff71b ~]#</msg>
<status status="PASS" starttime="20220211 15:53:30.851" endtime="20220211 15:53:30.851"/>
</kw>
<kw name="To Json" library="RequestsLibrary">
<var>${ret_result}</var>
<arg>${output}</arg>
<doc>*DEPRECATED* Please use ${resp.json()} instead. Have a look at the improved HTML output as pretty printing replacement.</doc>
<msg timestamp="20220211 15:53:30.851" level="WARN">Keyword 'RequestsLibrary.To Json' is deprecated. Please use ${resp.json()} instead. Have a look at the improved HTML output as pretty printing replacement.</msg>
<msg timestamp="20220211 15:53:30.851" level="INFO">To JSON using : content={"PoolId": 0, "VdiskId": 77} </msg>
<msg timestamp="20220211 15:53:30.851" level="INFO">To JSON using : pretty_print=False </msg>
<msg timestamp="20220211 15:53:30.851" level="INFO">${ret_result} = {'PoolId': 0, 'VdiskId': 77}</msg>
<status status="PASS" starttime="20220211 15:53:30.851" endtime="20220211 15:53:30.851"/>
</kw>
<kw name="Get From Dictionary" library="Collections">
<var>${id}</var>
<arg>${ret_result}</arg>
<arg>VdiskId</arg>
<doc>Returns a value from the given ``dictionary`` based on the given ``key``.</doc>
<msg timestamp="20220211 15:53:30.851" level="INFO">${id} = 77</msg>
<status status="PASS" starttime="20220211 15:53:30.851" endtime="20220211 15:53:30.851"/>
</kw>
<msg timestamp="20220211 15:53:30.851" level="INFO">${vdisk} = 77</msg>
<status status="PASS" starttime="20220211 15:53:29.111" endtime="20220211 15:53:30.851"/>
</kw>
<kw name="Write" library="SSHLibrary">
<arg>curl -i -H "Content-Type: application/json" -X PUT -d '{ "id": "5fb21aae-251a-11e9-ab14-d663bd873d93", "jsonrpc": "2.0", "method": "SetVdisk", "params": { "Name": "changed_name", "TierInfoList": [ { "Tier": "SATA_HDD", "Capacity": 1000 } ] } }' http://127.0.0.1:9300/p_api/v1/vdisks/${vdisk}?poolid=0</arg>
<doc>Writes the given ``text`` on the remote machine and appends a newline.</doc>
<msg timestamp="20220211 15:53:31.212" level="INFO">curl -i -H "Content-Type: applica tion/json" -X PUT -d '{ "id": "5fb21aae-251a-11e9-ab14-d663bd873d93", "jsonrpc":  "2.0", "method": "SetVdisk", "params": { "Name": "changed_name", "TierInfoList" : [ { "Tier": "SATA_HDD", "Capacity": 1000 } ] } }' http://127.0.0.1:9300/p_api/ v1/vdisks/77?poolid=0</msg>
<status status="PASS" starttime="20220211 15:53:30.866" endtime="20220211 15:53:31.212"/>
</kw>
<kw name="Read Until Prompt" library="SSHLibrary">
<var>${output}</var>
<doc>Consumes and returns the server output until the prompt is found.</doc>
<msg timestamp="20220211 15:53:31.870" level="INFO">HTTP/1.1 200 OK
Server: emei/1.4.6
Date: Thu, 10 Feb 2022 23:58:57 GMT
Connection: keep-alive
content-type: application/json;charset=utf-8
Content-Length: 104

{"id": "5fb21aae-251a-11e9-ab14-d663bd873d93", "jsonrpc": "2.0", "result": {"PoolId": 0, "VdiskId": 77}}[root@f1d02e46-768d-4a01-aa6b-60e7deaff71b ~]#</msg>
<msg timestamp="20220211 15:53:31.870" level="INFO">${output} = HTTP/1.1 200 OK
Server: emei/1.4.6
Date: Thu, 10 Feb 2022 23:58:57 GMT
Connection: keep-alive
content-type: application/json;charset=utf-8
Content-Length: 104

{"id": "5fb21aae-251a-11e9...</msg>
<status status="PASS" starttime="20220211 15:53:31.212" endtime="20220211 15:53:31.870"/>
</kw>
<kw name="Should Contain" library="BuiltIn">
<arg>${output}</arg>
<arg>result</arg>
<doc>Fails if ``container`` does not contain ``item`` one or more times.</doc>
<status status="PASS" starttime="20220211 15:53:31.870" endtime="20220211 15:53:31.870"/>
</kw>
<kw name="Write" library="SSHLibrary">
<arg>curl -i -X GET \ http://127.0.0.1:9300/p_api/v1/vdisks/${vdisk}?poolid=0</arg>
<doc>Writes the given ``text`` on the remote machine and appends a newline.</doc>
<msg timestamp="20220211 15:53:31.997" level="INFO">curl -i -X GET  http://127.0.0.1: 9300/p_api/v1/vdisks/77?poolid=0</msg>
<status status="PASS" starttime="20220211 15:53:31.870" endtime="20220211 15:53:31.997"/>
</kw>
<kw name="Read Until Prompt" library="SSHLibrary">
<var>${output}</var>
<doc>Consumes and returns the server output until the prompt is found.</doc>
<msg timestamp="20220211 15:53:32.622" level="INFO">HTTP/1.1 200 OK
Server: emei/1.4.6
Date: Thu, 10 Feb 2022 23:58:58 GMT
Connection: keep-alive
content-type: application/json;charset=utf-8
Content-Length: 342

{"id": "0980206c-23d1-4818-bb1d-3179f4b6f848", "jsonrpc": "2.0", "result": {"PoolId": 0, "VdiskId": 77, "Name": "changed_name", "Description": "", "HealthStatus": 3, "CfgType": "THIN", "TotalCapacity": 1000, "RunningNodeId": 0, "TierInfoList": [{"Tier": "SATA_HDD", "TierTotalCapacity": 1000, "TierUsedCapacity": 0, "EcType": "RAID1_1D0B"}]}}[root@f1d02e46-768d-4a01-aa6b-60e7deaff71b ~]#</msg>
<msg timestamp="20220211 15:53:32.622" level="INFO">${output} = HTTP/1.1 200 OK
Server: emei/1.4.6
Date: Thu, 10 Feb 2022 23:58:58 GMT
Connection: keep-alive
content-type: application/json;charset=utf-8
Content-Length: 342

{"id": "0980206c-23d1-4818...</msg>
<status status="PASS" starttime="20220211 15:53:31.997" endtime="20220211 15:53:32.622"/>
</kw>
<kw name="Should Contain" library="BuiltIn">
<arg>${output}</arg>
<arg>changed_name</arg>
<doc>Fails if ``container`` does not contain ``item`` one or more times.</doc>
<status status="PASS" starttime="20220211 15:53:32.622" endtime="20220211 15:53:32.622"/>
</kw>
<kw name="Log" library="BuiltIn">
<arg>删除vdisk</arg>
<doc>Logs the given message with the given level.</doc>
<msg timestamp="20220211 15:53:32.622" level="INFO">删除vdisk</msg>
<status status="PASS" starttime="20220211 15:53:32.622" endtime="20220211 15:53:32.622"/>
</kw>
<kw name="Write" library="SSHLibrary">
<arg>curl -i -X DELETE \ http://127.0.0.1:9300/p_api/v1/vdisks/${vdisk}?poolid=0</arg>
<doc>Writes the given ``text`` on the remote machine and appends a newline.</doc>
<msg timestamp="20220211 15:53:32.749" level="INFO">curl -i -X DELETE  http://127.0.0 .1:9300/p_api/v1/vdisks/77?poolid=0</msg>
<status status="PASS" starttime="20220211 15:53:32.622" endtime="20220211 15:53:32.749"/>
</kw>
<kw name="Read Until Prompt" library="SSHLibrary">
<var>${output}</var>
<doc>Consumes and returns the server output until the prompt is found.</doc>
<msg timestamp="20220211 15:53:35.525" level="INFO">HTTP/1.1 200 OK
Server: emei/1.4.6
Date: Thu, 10 Feb 2022 23:59:01 GMT
Connection: keep-alive
content-type: application/json;charset=utf-8
Content-Length: 104

{"id": "3bd6177c-8933-4b39-aee6-09834e016d25", "jsonrpc": "2.0", "result": {"PoolId": 0, "VdiskId": 77}}[root@f1d02e46-768d-4a01-aa6b-60e7deaff71b ~]#</msg>
<msg timestamp="20220211 15:53:35.525" level="INFO">${output} = HTTP/1.1 200 OK
Server: emei/1.4.6
Date: Thu, 10 Feb 2022 23:59:01 GMT
Connection: keep-alive
content-type: application/json;charset=utf-8
Content-Length: 104

{"id": "3bd6177c-8933-4b39...</msg>
<status status="PASS" starttime="20220211 15:53:32.749" endtime="20220211 15:53:35.525"/>
</kw>
<kw name="Should Contain" library="BuiltIn">
<arg>${output}</arg>
<arg>result</arg>
<doc>Fails if ``container`` does not contain ``item`` one or more times.</doc>
<status status="PASS" starttime="20220211 15:53:35.525" endtime="20220211 15:53:35.525"/>
</kw>
<kw name="Write" library="SSHLibrary">
<arg>curl -i -X GET http://127.0.0.1:9300/p_api/v1/vdisks/${vdisk}?poolid=0</arg>
<doc>Writes the given ``text`` on the remote machine and appends a newline.</doc>
<msg timestamp="20220211 15:53:35.650" level="INFO">curl -i -X GET http://127.0.0.1:9 300/p_api/v1/vdisks/77?poolid=0</msg>
<status status="PASS" starttime="20220211 15:53:35.525" endtime="20220211 15:53:35.650"/>
</kw>
<kw name="Read Until Prompt" library="SSHLibrary">
<var>${output}</var>
<doc>Consumes and returns the server output until the prompt is found.</doc>
<msg timestamp="20220211 15:53:35.713" level="INFO">HTTP/1.1 200 OK
Server: emei/1.4.6
Date: Thu, 10 Feb 2022 23:59:01 GMT
Connection: keep-alive
content-type: application/json;charset=utf-8
Content-Length: 134

{"jsonrpc": "2.0", "id": "5f37ce50-3e4a-45a1-aea7-2655f2b1b2e3", "error": {"code": -44208, "message": "pool(0)/vdisk(77) not exists"}}[root@f1d02e46-768d-4a01-aa6b-60e7deaff71b ~]#</msg>
<msg timestamp="20220211 15:53:35.713" level="INFO">${output} = HTTP/1.1 200 OK
Server: emei/1.4.6
Date: Thu, 10 Feb 2022 23:59:01 GMT
Connection: keep-alive
content-type: application/json;charset=utf-8
Content-Length: 134

{"jsonrpc": "2.0", "id": "...</msg>
<status status="PASS" starttime="20220211 15:53:35.650" endtime="20220211 15:53:35.713"/>
</kw>
<kw name="Should Contain" library="BuiltIn">
<arg>${output}</arg>
<arg>error</arg>
<doc>Fails if ``container`` does not contain ``item`` one or more times.</doc>
<status status="PASS" starttime="20220211 15:53:35.713" endtime="20220211 15:53:35.713"/>
</kw>
<status status="PASS" starttime="20220211 15:53:28.923" endtime="20220211 15:53:35.713"/>
</test>
<test id="s1-s2-t7" name="查询指定vdisk的QoS策略">
<kw name="Log" library="BuiltIn">
<arg>创建vdisk</arg>
<doc>Logs the given message with the given level.</doc>
<msg timestamp="20220211 15:53:35.713" level="INFO">创建vdisk</msg>
<status status="PASS" starttime="20220211 15:53:35.713" endtime="20220211 15:53:35.713"/>
</kw>
<kw name="Generate Random String" library="String">
<var>${vdisk_name}</var>
<arg>4</arg>
<doc>Generates a string with a desired ``length`` from the given ``chars``.</doc>
<msg timestamp="20220211 15:53:35.713" level="INFO">${vdisk_name} = Sy3o</msg>
<status status="PASS" starttime="20220211 15:53:35.713" endtime="20220211 15:53:35.713"/>
</kw>
<kw name="Write" library="SSHLibrary">
<arg>curl -i -H "Content-Type: application/json" -X POST -d '{ "id": "5fb21aae-251a-11e9-ab14-d663bd873d93", "jsonrpc": "2.0", "method": "AddVdisk", "params": { "PoolId": 0, "Name": "${vdisk_name}", "TierInfoList": [ { "Tier": "SATA_HDD", "Capacity": 1000, "EcType": "RAID1_1D0B" } ] } }' http://127.0.0.1:9300/p_api/v1/vdisks</arg>
<doc>Writes the given ``text`` on the remote machine and appends a newline.</doc>
<msg timestamp="20220211 15:53:35.791" level="INFO">curl -i -H "Content-Type: applica tion/json" -X POST -d '{ "id": "5fb21aae-251a-11e9-ab14-d663bd873d93", "jsonrpc" : "2.0", "method": "AddVdisk", "params": { "PoolId": 0, "Name": "Sy3o", "TierInf oList": [ { "Tier": "SATA_HDD", "Capacity": 1000, "EcType": "RAID1_1D0B" } ] } } ' http://127.0.0.1:9300/p_api/v1/vdisks</msg>
<status status="PASS" starttime="20220211 15:53:35.713" endtime="20220211 15:53:35.791"/>
</kw>
<kw name="Log" library="BuiltIn">
<arg>创建Vdisk成功</arg>
<doc>Logs the given message with the given level.</doc>
<msg timestamp="20220211 15:53:35.791" level="INFO">创建Vdisk成功</msg>
<status status="PASS" starttime="20220211 15:53:35.791" endtime="20220211 15:53:35.791"/>
</kw>
<kw name="add_vdisk_parse_vdiskid" library="rgstor">
<var>${vdisk}</var>
<kw name="Read Until" library="SSHLibrary">
<var>${output}</var>
<arg>"jsonrpc": "2.0", "</arg>
<doc>Consumes and returns the server output until ``expected`` is encountered.</doc>
<msg timestamp="20220211 15:53:37.672" level="INFO">HTTP/1.1 200 OK
Server: emei/1.4.6
Date: Thu, 10 Feb 2022 23:59:03 GMT
Connection: keep-alive
content-type: application/json;charset=utf-8
Content-Length: 104

{"id": "6b5a59f4-8acd-11ec-8ab5-0242ac1ffd17", "jsonrpc": "2.0", "</msg>
<msg timestamp="20220211 15:53:37.672" level="INFO">${output} = HTTP/1.1 200 OK
Server: emei/1.4.6
Date: Thu, 10 Feb 2022 23:59:03 GMT
Connection: keep-alive
content-type: application/json;charset=utf-8
Content-Length: 104

{"id": "6b5a59f4-8acd-11ec...</msg>
<status status="PASS" starttime="20220211 15:53:35.791" endtime="20220211 15:53:37.672"/>
</kw>
<kw name="Read Until" library="SSHLibrary">
<var>${output}</var>
<arg>}[</arg>
<doc>Consumes and returns the server output until ``expected`` is encountered.</doc>
<msg timestamp="20220211 15:53:37.688" level="INFO">result": {"PoolId": 0, "VdiskId": 77}}[</msg>
<msg timestamp="20220211 15:53:37.688" level="INFO">${output} = result": {"PoolId": 0, "VdiskId": 77}}[</msg>
<status status="PASS" starttime="20220211 15:53:37.672" endtime="20220211 15:53:37.688"/>
</kw>
<kw name="Should Contain" library="BuiltIn">
<arg>${output}</arg>
<arg>result</arg>
<doc>Fails if ``container`` does not contain ``item`` one or more times.</doc>
<status status="PASS" starttime="20220211 15:53:37.688" endtime="20220211 15:53:37.688"/>
</kw>
<kw name="Get Substring" library="String">
<var>${output}</var>
<arg>${output}</arg>
<arg>9</arg>
<arg>-2</arg>
<doc>Returns a substring from ``start`` index to ``end`` index.</doc>
<msg timestamp="20220211 15:53:37.688" level="INFO">${output} = {"PoolId": 0, "VdiskId": 77}</msg>
<status status="PASS" starttime="20220211 15:53:37.688" endtime="20220211 15:53:37.688"/>
</kw>
<kw name="Read Until Prompt" library="SSHLibrary">
<doc>Consumes and returns the server output until the prompt is found.</doc>
<msg timestamp="20220211 15:53:37.688" level="INFO">root@f1d02e46-768d-4a01-aa6b-60e7deaff71b ~]#</msg>
<status status="PASS" starttime="20220211 15:53:37.688" endtime="20220211 15:53:37.688"/>
</kw>
<kw name="To Json" library="RequestsLibrary">
<var>${ret_result}</var>
<arg>${output}</arg>
<doc>*DEPRECATED* Please use ${resp.json()} instead. Have a look at the improved HTML output as pretty printing replacement.</doc>
<msg timestamp="20220211 15:53:37.688" level="WARN">Keyword 'RequestsLibrary.To Json' is deprecated. Please use ${resp.json()} instead. Have a look at the improved HTML output as pretty printing replacement.</msg>
<msg timestamp="20220211 15:53:37.688" level="INFO">To JSON using : content={"PoolId": 0, "VdiskId": 77} </msg>
<msg timestamp="20220211 15:53:37.688" level="INFO">To JSON using : pretty_print=False </msg>
<msg timestamp="20220211 15:53:37.688" level="INFO">${ret_result} = {'PoolId': 0, 'VdiskId': 77}</msg>
<status status="PASS" starttime="20220211 15:53:37.688" endtime="20220211 15:53:37.688"/>
</kw>
<kw name="Get From Dictionary" library="Collections">
<var>${id}</var>
<arg>${ret_result}</arg>
<arg>VdiskId</arg>
<doc>Returns a value from the given ``dictionary`` based on the given ``key``.</doc>
<msg timestamp="20220211 15:53:37.688" level="INFO">${id} = 77</msg>
<status status="PASS" starttime="20220211 15:53:37.688" endtime="20220211 15:53:37.688"/>
</kw>
<msg timestamp="20220211 15:53:37.688" level="INFO">${vdisk} = 77</msg>
<status status="PASS" starttime="20220211 15:53:35.791" endtime="20220211 15:53:37.688"/>
</kw>
<kw name="Log" library="BuiltIn">
<arg>创建QoS策略</arg>
<doc>Logs the given message with the given level.</doc>
<msg timestamp="20220211 15:53:37.688" level="INFO">创建QoS策略</msg>
<status status="PASS" starttime="20220211 15:53:37.688" endtime="20220211 15:53:37.688"/>
</kw>
<kw name="Generate Random String" library="String">
<var>${qos_name}</var>
<arg>4</arg>
<doc>Generates a string with a desired ``length`` from the given ``chars``.</doc>
<msg timestamp="20220211 15:53:37.688" level="INFO">${qos_name} = jC5A</msg>
<status status="PASS" starttime="20220211 15:53:37.688" endtime="20220211 15:53:37.688"/>
</kw>
<kw name="Write" library="SSHLibrary">
<arg>curl -i -H "Content-Type: application/json" -X POST -d '{"id":"5fb21aae-251a-11e9-ab14-d663bd873d93", "jsonrpc":"2.0", "method":"AddQoSPolicy", "params": {"PolicyName":"${qos_name}", "IOPSLimit":3000, "IOPSReservation":0, "BandwidthLimit":0, "BandwidthReservation":0, "Priority":2 }}' http://127.0.0.1:9300/p_api/v1/qos</arg>
<doc>Writes the given ``text`` on the remote machine and appends a newline.</doc>
<msg timestamp="20220211 15:53:37.876" level="INFO">curl -i -H "Content-Type: applica tion/json" -X POST -d '{"id":"5fb21aae-251a-11e9-ab14-d663bd873d93", "jsonrpc":" 2.0", "method":"AddQoSPolicy", "params": {"PolicyName":"jC5A", "IOPSLimit":3000,  "IOPSReservation":0, "BandwidthLimit":0, "BandwidthReservation":0, "Priority":2  }}' http://127.0.0.1:9300/p_api/v1/qos</msg>
<status status="PASS" starttime="20220211 15:53:37.688" endtime="20220211 15:53:37.876"/>
</kw>
<kw name="Read Until Prompt" library="SSHLibrary">
<var>${output}</var>
<doc>Consumes and returns the server output until the prompt is found.</doc>
<msg timestamp="20220211 15:53:37.923" level="INFO">HTTP/1.1 200 OK
Server: emei/1.4.6
Date: Thu, 10 Feb 2022 23:59:03 GMT
Connection: keep-alive
content-type: application/json;charset=utf-8
Content-Length: 98

{"id": "5fb21aae-251a-11e9-ab14-d663bd873d93", "jsonrpc": "2.0", "result": {"PolicyName": "jC5A"}}[root@f1d02e46-768d-4a01-aa6b-60e7deaff71b ~]#</msg>
<msg timestamp="20220211 15:53:37.923" level="INFO">${output} = HTTP/1.1 200 OK
Server: emei/1.4.6
Date: Thu, 10 Feb 2022 23:59:03 GMT
Connection: keep-alive
content-type: application/json;charset=utf-8
Content-Length: 98

{"id": "5fb21aae-251a-11e9-...</msg>
<status status="PASS" starttime="20220211 15:53:37.876" endtime="20220211 15:53:37.923"/>
</kw>
<kw name="Should Contain" library="BuiltIn">
<arg>${output}</arg>
[...]
<status status="PASS" starttime="20220211 15:56:22.937" endtime="20220211 15:56:23.203"/>
</kw>
<kw name="Read Until Prompt" library="SSHLibrary">
<var>${output}</var>
<doc>Consumes and returns the server output until the prompt is found.</doc>
<msg timestamp="20220211 15:56:23.313" level="INFO">HTTP/1.1 200 OK
Server: emei/1.4.6
Date: Fri, 11 Feb 2022 00:01:49 GMT
Connection: keep-alive
content-type: application/json;charset=utf-8
Content-Length: 79

{"jsonrpc": "2.0", "id": "746b9832-04b8-43a0-b213-3856bd150656", "result": "0"}[root@f1d02e46-768d-4a01-aa6b-60e7deaff71b ~]#</msg>
<msg timestamp="20220211 15:56:23.313" level="INFO">${output} = HTTP/1.1 200 OK
Server: emei/1.4.6
Date: Fri, 11 Feb 2022 00:01:49 GMT
Connection: keep-alive
content-type: application/json;charset=utf-8
Content-Length: 79

{"jsonrpc": "2.0", "id": "7...</msg>
<status status="PASS" starttime="20220211 15:56:23.203" endtime="20220211 15:56:23.313"/>
</kw>
<kw name="Should Contain" library="BuiltIn">
<arg>${output}</arg>
<arg>"result": "0"</arg>
<doc>Fails if ``container`` does not contain ``item`` one or more times.</doc>
<status status="PASS" starttime="20220211 15:56:23.313" endtime="20220211 15:56:23.313"/>
</kw>
<kw name="Log" library="BuiltIn">
<arg>关闭亚健康功能</arg>
<doc>Logs the given message with the given level.</doc>
<msg timestamp="20220211 15:56:23.313" level="INFO">关闭亚健康功能</msg>
<status status="PASS" starttime="20220211 15:56:23.313" endtime="20220211 15:56:23.313"/>
</kw>
<kw name="Write" library="SSHLibrary">
<arg>curl -i -H "Content-Type: application/json" -X POST -d '{"id": "5fb21aae-251a-11e9-ab14-d663bd873d93", "jsonrpc": "2.0", "method": "SetSubhStatus", "params": {"enable": "false"}}' http://127.0.0.1:9300/p_api/v1/subhealth</arg>
<doc>Writes the given ``text`` on the remote machine and appends a newline.</doc>
<msg timestamp="20220211 15:56:23.626" level="INFO">curl -i -H "Content-Type: applica tion/json" -X POST -d '{"id": "5fb21aae-251a-11e9-ab14-d663bd873d93", "jsonrpc":  "2.0", "method": "SetSubhStatus", "params": {"enable": "false"}}' http://127.0. 0.1:9300/p_api/v1/subhealth</msg>
<status status="PASS" starttime="20220211 15:56:23.313" endtime="20220211 15:56:23.626"/>
</kw>
<kw name="Read Until Prompt" library="SSHLibrary">
<var>${output}</var>
<doc>Consumes and returns the server output until the prompt is found.</doc>
<msg timestamp="20220211 15:56:23.910" level="INFO">HTTP/1.1 200 OK
Server: emei/1.4.6
Date: Fri, 11 Feb 2022 00:01:49 GMT
Connection: keep-alive
content-type: application/json;charset=utf-8
Content-Length: 79

{"jsonrpc": "2.0", "id": "07f052f0-a77c-4835-81a8-346e03697a3e", "result": "0"}[root@f1d02e46-768d-4a01-aa6b-60e7deaff71b ~]#</msg>
<msg timestamp="20220211 15:56:23.910" level="INFO">${output} = HTTP/1.1 200 OK
Server: emei/1.4.6
Date: Fri, 11 Feb 2022 00:01:49 GMT
Connection: keep-alive
content-type: application/json;charset=utf-8
Content-Length: 79

{"jsonrpc": "2.0", "id": "0...</msg>
<status status="PASS" starttime="20220211 15:56:23.626" endtime="20220211 15:56:23.910"/>
</kw>
<kw name="Should Contain" library="BuiltIn">
<arg>${output}</arg>
<arg>"result": "0"</arg>
<doc>Fails if ``container`` does not contain ``item`` one or more times.</doc>
<status status="PASS" starttime="20220211 15:56:23.910" endtime="20220211 15:56:23.910"/>
</kw>
<status status="PASS" starttime="20220211 15:56:22.937" endtime="20220211 15:56:23.910"/>
</test>
<test id="s1-s7-t2" name="查询亚健康功能状态">
<kw name="Log" library="BuiltIn">
<arg>开启亚健康功能</arg>
<doc>Logs the given message with the given level.</doc>
<msg timestamp="20220211 15:56:23.910" level="INFO">开启亚健康功能</msg>
<status status="PASS" starttime="20220211 15:56:23.910" endtime="20220211 15:56:23.910"/>
</kw>
<kw name="Write" library="SSHLibrary">
<arg>curl -i -H "Content-Type: application/json" -X POST -d '{"id": "5fb21aae-251a-11e9-ab14-d663bd873d93", "jsonrpc": "2.0", "method": "SetSubhStatus", "params": {"enable": "true"}}' http://127.0.0.1:9300/p_api/v1/subhealth</arg>
<doc>Writes the given ``text`` on the remote machine and appends a newline.</doc>
<msg timestamp="20220211 15:56:24.067" level="INFO">curl -i -H "Content-Type: applica tion/json" -X POST -d '{"id": "5fb21aae-251a-11e9-ab14-d663bd873d93", "jsonrpc":  "2.0", "method": "SetSubhStatus", "params": {"enable": "true"}}' http://127.0.0 .1:9300/p_api/v1/subhealth</msg>
<status status="PASS" starttime="20220211 15:56:23.910" endtime="20220211 15:56:24.067"/>
</kw>
<kw name="Read Until Prompt" library="SSHLibrary">
<var>${output}</var>
<doc>Consumes and returns the server output until the prompt is found.</doc>
<msg timestamp="20220211 15:56:24.474" level="INFO">HTTP/1.1 200 OK
Server: emei/1.4.6
Date: Fri, 11 Feb 2022 00:01:50 GMT
Connection: keep-alive
content-type: application/json;charset=utf-8
Content-Length: 79

{"jsonrpc": "2.0", "id": "4ffaa0ef-045f-4628-ae4f-89119c5b1a2d", "result": "0"}[root@f1d02e46-768d-4a01-aa6b-60e7deaff71b ~]#</msg>
<msg timestamp="20220211 15:56:24.474" level="INFO">${output} = HTTP/1.1 200 OK
Server: emei/1.4.6
Date: Fri, 11 Feb 2022 00:01:50 GMT
Connection: keep-alive
content-type: application/json;charset=utf-8
Content-Length: 79

{"jsonrpc": "2.0", "id": "4...</msg>
<status status="PASS" starttime="20220211 15:56:24.067" endtime="20220211 15:56:24.474"/>
</kw>
<kw name="Should Contain" library="BuiltIn">
<arg>${output}</arg>
<arg>"result": "0"</arg>
<doc>Fails if ``container`` does not contain ``item`` one or more times.</doc>
<status status="PASS" starttime="20220211 15:56:24.474" endtime="20220211 15:56:24.474"/>
</kw>
<kw name="Log" library="BuiltIn">
<arg>查询亚健康功能状态</arg>
<doc>Logs the given message with the given level.</doc>
<msg timestamp="20220211 15:56:24.474" level="INFO">查询亚健康功能状态</msg>
<status status="PASS" starttime="20220211 15:56:24.474" endtime="20220211 15:56:24.474"/>
</kw>
<kw name="Write" library="SSHLibrary">
<arg>curl -i -H 'Content-Type: application/json' -X GET -d '{"id": "5fb21aae-251a-11e9-ab14-d663bd873d93", "jsonrpc": "2.0", "method": "GetSubhStatus"}' http://127.0.0.1:9300/p_api/v1/subhealth</arg>
<doc>Writes the given ``text`` on the remote machine and appends a newline.</doc>
<msg timestamp="20220211 15:56:24.615" level="INFO">curl -i -H 'Content-Type: applica tion/json' -X GET -d '{"id": "5fb21aae-251a-11e9-ab14-d663bd873d93", "jsonrpc":  "2.0", "method": "GetSubhStatus"}' http://127.0.0.1:9300/p_api/v1/subhealth</msg>
<status status="PASS" starttime="20220211 15:56:24.474" endtime="20220211 15:56:24.615"/>
</kw>
<kw name="Read Until Prompt" library="SSHLibrary">
<var>${output}</var>
<doc>Consumes and returns the server output until the prompt is found.</doc>
<msg timestamp="20220211 15:56:24.881" level="INFO">HTTP/1.1 200 OK
Server: emei/1.4.6
Date: Fri, 11 Feb 2022 00:01:50 GMT
Connection: keep-alive
content-type: application/json;charset=utf-8
Content-Length: 94

{"jsonrpc": "2.0", "id": "e8aa5d76-9614-44cc-b0c7-2a4f25d50d11", "result": {"enable": "true"}}[root@f1d02e46-768d-4a01-aa6b-60e7deaff71b ~]#</msg>
<msg timestamp="20220211 15:56:24.881" level="INFO">${output} = HTTP/1.1 200 OK
Server: emei/1.4.6
Date: Fri, 11 Feb 2022 00:01:50 GMT
Connection: keep-alive
content-type: application/json;charset=utf-8
Content-Length: 94

{"jsonrpc": "2.0", "id": "e...</msg>
<status status="PASS" starttime="20220211 15:56:24.615" endtime="20220211 15:56:24.881"/>
</kw>
<kw name="Should Contain" library="BuiltIn">
<arg>${output}</arg>
<arg>"result": {"enable": "true"}</arg>
<doc>Fails if ``container`` does not contain ``item`` one or more times.</doc>
<status status="PASS" starttime="20220211 15:56:24.881" endtime="20220211 15:56:24.881"/>
</kw>
<kw name="Log" library="BuiltIn">
<arg>关闭亚健康功能</arg>
<doc>Logs the given message with the given level.</doc>
<msg timestamp="20220211 15:56:24.881" level="INFO">关闭亚健康功能</msg>
<status status="PASS" starttime="20220211 15:56:24.881" endtime="20220211 15:56:24.881"/>
</kw>
<kw name="Write" library="SSHLibrary">
<arg>curl -i -H "Content-Type: application/json" -X POST -d '{"id": "5fb21aae-251a-11e9-ab14-d663bd873d93", "jsonrpc": "2.0", "method": "SetSubhStatus", "params": {"enable": "false"}}' http://127.0.0.1:9300/p_api/v1/subhealth</arg>
<doc>Writes the given ``text`` on the remote machine and appends a newline.</doc>
<msg timestamp="20220211 15:56:25.023" level="INFO">curl -i -H "Content-Type: applica tion/json" -X POST -d '{"id": "5fb21aae-251a-11e9-ab14-d663bd873d93", "jsonrpc":  "2.0", "method": "SetSubhStatus", "params": {"enable": "false"}}' http://127.0. 0.1:9300/p_api/v1/subhealth</msg>
<status status="PASS" starttime="20220211 15:56:24.881" endtime="20220211 15:56:25.023"/>
</kw>
<kw name="Read Until Prompt" library="SSHLibrary">
<var>${output}</var>
<doc>Consumes and returns the server output until the prompt is found.</doc>
<msg timestamp="20220211 15:56:25.228" level="INFO">HTTP/1.1 200 OK
Server: emei/1.4.6
Date: Fri, 11 Feb 2022 00:01:50 GMT
Connection: keep-alive
content-type: application/json;charset=utf-8
Content-Length: 79

{"jsonrpc": "2.0", "id": "b5f2ad87-e384-4f5a-89d6-f0fa777f8496", "result": "0"}[root@f1d02e46-768d-4a01-aa6b-60e7deaff71b ~]#</msg>
<msg timestamp="20220211 15:56:25.229" level="INFO">${output} = HTTP/1.1 200 OK
Server: emei/1.4.6
Date: Fri, 11 Feb 2022 00:01:50 GMT
Connection: keep-alive
content-type: application/json;charset=utf-8
Content-Length: 79

{"jsonrpc": "2.0", "id": "b...</msg>
<status status="PASS" starttime="20220211 15:56:25.023" endtime="20220211 15:56:25.229"/>
</kw>
<kw name="Should Contain" library="BuiltIn">
<arg>${output}</arg>
<arg>"result": "0"</arg>
<doc>Fails if ``container`` does not contain ``item`` one or more times.</doc>
<status status="PASS" starttime="20220211 15:56:25.231" endtime="20220211 15:56:25.232"/>
</kw>
<kw name="Log" library="BuiltIn">
<arg>查询亚健康功能状态</arg>
<doc>Logs the given message with the given level.</doc>
<msg timestamp="20220211 15:56:25.234" level="INFO">查询亚健康功能状态</msg>
<status status="PASS" starttime="20220211 15:56:25.233" endtime="20220211 15:56:25.234"/>
</kw>
<kw name="Write" library="SSHLibrary">
<arg>curl -i -H 'Content-Type: application/json' -X GET -d '{"id": "5fb21aae-251a-11e9-ab14-d663bd873d93", "jsonrpc": "2.0", "method": "GetSubhStatus"}' http://127.0.0.1:9300/p_api/v1/subhealth</arg>
<doc>Writes the given ``text`` on the remote machine and appends a newline.</doc>
<msg timestamp="20220211 15:56:25.415" level="INFO">curl -i -H 'Content-Type: applica tion/json' -X GET -d '{"id": "5fb21aae-251a-11e9-ab14-d663bd873d93", "jsonrpc":  "2.0", "method": "GetSubhStatus"}' http://127.0.0.1:9300/p_api/v1/subhealth</msg>
<status status="PASS" starttime="20220211 15:56:25.236" endtime="20220211 15:56:25.415"/>
</kw>
<kw name="Read Until Prompt" library="SSHLibrary">
<var>${output}</var>
<doc>Consumes and returns the server output until the prompt is found.</doc>
<msg timestamp="20220211 15:56:25.587" level="INFO">HTTP/1.1 200 OK
Server: emei/1.4.6
Date: Fri, 11 Feb 2022 00:01:51 GMT
Connection: keep-alive
content-type: application/json;charset=utf-8
Content-Length: 95

{"jsonrpc": "2.0", "id": "fb008d66-453d-4abe-978a-dbcef144e1ee", "result": {"enable": "false"}}[root@f1d02e46-768d-4a01-aa6b-60e7deaff71b ~]#</msg>
<msg timestamp="20220211 15:56:25.587" level="INFO">${output} = HTTP/1.1 200 OK
Server: emei/1.4.6
Date: Fri, 11 Feb 2022 00:01:51 GMT
Connection: keep-alive
content-type: application/json;charset=utf-8
Content-Length: 95

{"jsonrpc": "2.0", "id": "f...</msg>
<status status="PASS" starttime="20220211 15:56:25.415" endtime="20220211 15:56:25.587"/>
</kw>
<kw name="Should Contain" library="BuiltIn">
<arg>${output}</arg>
<arg>"result": {"enable": "false"}</arg>
<doc>Fails if ``container`` does not contain ``item`` one or more times.</doc>
<status status="PASS" starttime="20220211 15:56:25.587" endtime="20220211 15:56:25.587"/>
</kw>
<status status="PASS" starttime="20220211 15:56:23.910" endtime="20220211 15:56:25.587"/>
</test>
<kw name="rgstorteardown" library="rgstor" type="TEARDOWN">
<kw name="Close All Connections" library="SSHLibrary">
<doc>Closes all open connections.</doc>
<status status="PASS" starttime="20220211 15:56:25.587" endtime="20220211 15:56:25.587"/>
</kw>
<status status="PASS" starttime="20220211 15:56:25.587" endtime="20220211 15:56:25.587"/>
</kw>
<status status="PASS" starttime="20220211 15:56:21.197" endtime="20220211 15:56:25.587"/>
</suite>
<status status="PASS" starttime="20220211 15:53:04.408" endtime="20220211 15:56:25.602"/>
</suite>
<statistics>
<total>
<stat pass="42" fail="0" skip="0">All Tests</stat>
</total>
<tag>
</tag>
<suite>
<stat pass="42" fail="0" skip="0" id="s1" name="Papiserver">Papiserver</stat>
<stat pass="8" fail="0" skip="0" id="s1-s1" name="1.Pool相关接口测试">Papiserver.1.Pool相关接口测试</stat>
<stat pass="7" fail="0" skip="0" id="s1-s2" name="2.Vdisk相关接口测试">Papiserver.2.Vdisk相关接口测试</stat>
<stat pass="2" fail="0" skip="0" id="s1-s3" name="3.Journal相关接口测试">Papiserver.3.Journal相关接口测试</stat>
<stat pass="14" fail="0" skip="0" id="s1-s4" name="4.卷相关接口测试">Papiserver.4.卷相关接口测试</stat>
<stat pass="7" fail="0" skip="0" id="s1-s5" name="5.Qos相关接口测试">Papiserver.5.Qos相关接口测试</stat>
<stat pass="2" fail="0" skip="0" id="s1-s6" name="6.Iscsi相关接口测试">Papiserver.6.Iscsi相关接口测试</stat>
<stat pass="2" fail="0" skip="0" id="s1-s7" name="9.亚健康相关接口测试">Papiserver.9.亚健康相关接口测试</stat>
</suite>
</statistics>
<errors>
<msg timestamp="20220211 15:53:04.376" level="ERROR">Error in file 'C:\Users\lilongyu\Desktop\autotest\papiserver\__init__.robot' on line 1: 'Test Cases' section is not allowed in suite initialization file.</msg>
<msg timestamp="20220211 15:53:13.463" level="WARN">Keyword 'RequestsLibrary.To Json' is deprecated. Please use ${resp.json()} instead. Have a look at the improved HTML output as pretty printing replacement.</msg>
<msg timestamp="20220211 15:53:20.182" level="WARN">Keyword 'RequestsLibrary.To Json' is deprecated. Please use ${resp.json()} instead. Have a look at the improved HTML output as pretty printing replacement.</msg>
<msg timestamp="20220211 15:53:22.032" level="WARN">Keyword 'RequestsLibrary.To Json' is deprecated. Please use ${resp.json()} instead. Have a look at the improved HTML output as pretty printing replacement.</msg>
<msg timestamp="20220211 15:53:30.851" level="WARN">Keyword 'RequestsLibrary.To Json' is deprecated. Please use ${resp.json()} instead. Have a look at the improved HTML output as pretty printing replacement.</msg>
<msg timestamp="20220211 15:53:37.688" level="WARN">Keyword 'RequestsLibrary.To Json' is deprecated. Please use ${resp.json()} instead. Have a look at the improved HTML output as pretty printing replacement.</msg>
<msg timestamp="20220211 15:53:46.811" level="WARN">Keyword 'RequestsLibrary.To Json' is deprecated. Please use ${resp.json()} instead. Have a look at the improved HTML output as pretty printing replacement.</msg>
<msg timestamp="20220211 15:53:55.703" level="WARN">Keyword 'RequestsLibrary.To Json' is deprecated. Please use ${resp.json()} instead. Have a look at the improved HTML output as pretty printing replacement.</msg>
<msg timestamp="20220211 15:53:57.378" level="WARN">Keyword 'RequestsLibrary.To Json' is deprecated. Please use ${resp.json()} instead. Have a look at the improved HTML output as pretty printing replacement.</msg>
<msg timestamp="20220211 15:54:04.305" level="WARN">Keyword 'RequestsLibrary.To Json' is deprecated. Please use ${resp.json()} instead. Have a look at the improved HTML output as pretty printing replacement.</msg>
<msg timestamp="20220211 15:54:05.482" level="WARN">Keyword 'RequestsLibrary.To Json' is deprecated. Please use ${resp.json()} instead. Have a look at the improved HTML output as pretty printing replacement.</msg>
<msg timestamp="20220211 15:54:12.741" level="WARN">Keyword 'RequestsLibrary.To Json' is deprecated. Please use ${resp.json()} instead. Have a look at the improved HTML output as pretty printing replacement.</msg>
<msg timestamp="20220211 15:54:14.555" level="WARN">Keyword 'RequestsLibrary.To Json' is deprecated. Please use ${resp.json()} instead. Have a look at the improved HTML output as pretty printing replacement.</msg>
<msg timestamp="20220211 15:54:25.976" level="WARN">Keyword 'RequestsLibrary.To Json' is deprecated. Please use ${resp.json()} instead. Have a look at the improved HTML output as pretty printing replacement.</msg>
<msg timestamp="20220211 15:54:29.036" level="WARN">Keyword 'RequestsLibrary.To Json' is deprecated. Please use ${resp.json()} instead. Have a look at the improved HTML output as pretty printing replacement.</msg>
<msg timestamp="20220211 15:54:44.171" level="WARN">Keyword 'RequestsLibrary.To Json' is deprecated. Please use ${resp.json()} instead. Have a look at the improved HTML output as pretty printing replacement.</msg>
<msg timestamp="20220211 15:54:46.418" level="WARN">Keyword 'RequestsLibrary.To Json' is deprecated. Please use ${resp.json()} instead. Have a look at the improved HTML output as pretty printing replacement.</msg>
<msg timestamp="20220211 15:54:48.601" level="WARN">Keyword 'RequestsLibrary.To Json' is deprecated. Please use ${resp.json()} instead. Have a look at the improved HTML output as pretty printing replacement.</msg>
<msg timestamp="20220211 15:54:50.665" level="WARN">Keyword 'RequestsLibrary.To Json' is deprecated. Please use ${resp.json()} instead. Have a look at the improved HTML output as pretty printing replacement.</msg>
<msg timestamp="20220211 15:55:06.189" level="WARN">Keyword 'RequestsLibrary.To Json' is deprecated. Please use ${resp.json()} instead. Have a look at the improved HTML output as pretty printing replacement.</msg>
<msg timestamp="20220211 15:55:08.380" level="WARN">Keyword 'RequestsLibrary.To Json' is deprecated. Please use ${resp.json()} instead. Have a look at the improved HTML output as pretty printing replacement.</msg>
<msg timestamp="20220211 15:55:11.486" level="WARN">Keyword 'RequestsLibrary.To Json' is deprecated. Please use ${resp.json()} instead. Have a look at the improved HTML output as pretty printing replacement.</msg>
<msg timestamp="20220211 15:55:14.693" level="WARN">Keyword 'RequestsLibrary.To Json' is deprecated. Please use ${resp.json()} instead. Have a look at the improved HTML output as pretty printing replacement.</msg>
<msg timestamp="20220211 15:55:21.999" level="WARN">Keyword 'RequestsLibrary.To Json' is deprecated. Please use ${resp.json()} instead. Have a look at the improved HTML output as pretty printing replacement.</msg>
<msg timestamp="20220211 15:55:26.206" level="WARN">Keyword 'RequestsLibrary.To Json' is deprecated. Please use ${resp.json()} instead. Have a look at the improved HTML output as pretty printing replacement.</msg>
<msg timestamp="20220211 15:55:55.493" level="WARN">Keyword 'RequestsLibrary.To Json' is deprecated. Please use ${resp.json()} instead. Have a look at the improved HTML output as pretty printing replacement.</msg>
<msg timestamp="20220211 15:56:09.953" level="WARN">Keyword 'RequestsLibrary.To Json' is deprecated. Please use ${resp.json()} instead. Have a look at the improved HTML output as pretty printing replacement.</msg>
<msg timestamp="20220211 15:56:11.130" level="WARN">Keyword 'RequestsLibrary.To Json' is deprecated. Please use ${resp.json()} instead. Have a look at the improved HTML output as pretty printing replacement.</msg>
</errors>
</robot>
